 INFO  Accepting connections at http://localhost:8000
 HTTP  7/30/2025 11:15:23 AM ::1 GET /
 HTTP  7/30/2025 11:15:23 AM ::1 Returned 200 in 10 ms
 HTTP  7/30/2025 11:15:23 AM ::1 GET /components.js
 HTTP  7/30/2025 11:15:23 AM ::1 Returned 200 in 3 ms
 HTTP  7/30/2025 11:15:23 AM ::1 GET /style.css
 HTTP  7/30/2025 11:15:23 AM ::1 Returned 200 in 2 ms
 HTTP  7/30/2025 11:15:23 AM ::1 GET /content.yaml
 HTTP  7/30/2025 11:15:23 AM ::1 Returned 200 in 2 ms
 HTTP  7/30/2025 11:15:23 AM ::1 GET /components/footer.html
 HTTP  7/30/2025 11:15:23 AM ::1 Returned 301 in 1 ms
 HTTP  7/30/2025 11:15:23 AM ::1 GET /components/full-width-box.html
 HTTP  7/30/2025 11:15:23 AM ::1 Returned 301 in 1 ms
 HTTP  7/30/2025 11:15:23 AM ::1 GET /components/footer
 HTTP  7/30/2025 11:15:23 AM ::1 GET /components/full-width-box
 HTTP  7/30/2025 11:15:23 AM ::1 Returned 200 in 2 ms
 HTTP  7/30/2025 11:15:23 AM ::1 Returned 200 in 2 ms
 HTTP  7/30/2025 11:15:23 AM ::1 GET /images/TurnedHeadshot.jpg
 HTTP  7/30/2025 11:15:23 AM ::1 GET /components/full-width-box-alt.html
 HTTP  7/30/2025 11:15:23 AM ::1 Returned 301 in 0 ms
 HTTP  7/30/2025 11:15:23 AM ::1 Returned 404 in 3 ms
 HTTP  7/30/2025 11:15:23 AM ::1 GET /components/full-width-box-alt
 HTTP  7/30/2025 11:15:23 AM ::1 Returned 200 in 1 ms
 HTTP  7/30/2025 11:15:23 AM ::1 GET /components/full-width-box.html
 HTTP  7/30/2025 11:15:23 AM ::1 Returned 301 in 1 ms
 HTTP  7/30/2025 11:15:23 AM ::1 GET /components/full-width-box
 HTTP  7/30/2025 11:15:23 AM ::1 Returned 304 in 1 ms
 HTTP  7/30/2025 11:15:23 AM ::1 GET /images/TurnedHeadshot.jpg
 HTTP  7/30/2025 11:15:23 AM ::1 Returned 404 in 1 ms
 HTTP  7/30/2025 11:15:23 AM ::1 GET /images/Biography.jpg
 HTTP  7/30/2025 11:15:23 AM ::1 Returned 200 in 24 ms
 HTTP  7/30/2025 11:15:31 AM ::1 GET /components/full-width-box.html
 HTTP  7/30/2025 11:15:31 AM ::1 Returned 301 in 1 ms
 HTTP  7/30/2025 11:15:31 AM ::1 GET /components/full-width-box
 HTTP  7/30/2025 11:15:31 AM ::1 Returned 304 in 1 ms
 HTTP  7/30/2025 11:15:31 AM ::1 GET /images/TurnedHeadshot.jpg
 HTTP  7/30/2025 11:15:31 AM ::1 Returned 404 in 1 ms
 HTTP  7/30/2025 11:15:31 AM ::1 GET /components/full-width-box-alt.html
 HTTP  7/30/2025 11:15:31 AM ::1 Returned 301 in 0 ms
 HTTP  7/30/2025 11:15:31 AM ::1 GET /components/full-width-box-alt
 HTTP  7/30/2025 11:15:31 AM ::1 Returned 304 in 0 ms
 HTTP  7/30/2025 11:15:31 AM ::1 GET /components/full-width-box.html
 HTTP  7/30/2025 11:15:31 AM ::1 Returned 301 in 0 ms
 HTTP  7/30/2025 11:15:31 AM ::1 GET /components/full-width-box
 HTTP  7/30/2025 11:15:31 AM ::1 Returned 304 in 1 ms
 HTTP  7/30/2025 11:15:31 AM ::1 GET /images/TurnedHeadshot.jpg
 HTTP  7/30/2025 11:15:31 AM ::1 Returned 404 in 1 ms
 HTTP  7/30/2025 11:15:33 AM ::1 GET /components/full-width-box.html
 HTTP  7/30/2025 11:15:33 AM ::1 Returned 301 in 1 ms
 HTTP  7/30/2025 11:15:33 AM ::1 GET /components/full-width-box
 HTTP  7/30/2025 11:15:33 AM ::1 Returned 304 in 1 ms
 HTTP  7/30/2025 11:15:33 AM ::1 GET /images/Research.jpg
 HTTP  7/30/2025 11:15:33 AM ::1 Returned 200 in 9 ms
 HTTP  7/30/2025 11:15:44 AM ::1 GET /components/full-width-box.html
 HTTP  7/30/2025 11:15:44 AM ::1 Returned 301 in 0 ms
 HTTP  7/30/2025 11:15:44 AM ::1 GET /components/full-width-box
 HTTP  7/30/2025 11:15:44 AM ::1 Returned 304 in 1 ms
 HTTP  7/30/2025 11:15:44 AM ::1 GET /images/TurnedHeadshot.jpg
 HTTP  7/30/2025 11:15:44 AM ::1 Returned 404 in 1 ms
 HTTP  7/30/2025 11:15:44 AM ::1 GET /components/full-width-box-alt.html
 HTTP  7/30/2025 11:15:44 AM ::1 Returned 301 in 0 ms
 HTTP  7/30/2025 11:15:44 AM ::1 GET /components/full-width-box-alt
 HTTP  7/30/2025 11:15:44 AM ::1 Returned 304 in 1 ms
 HTTP  7/30/2025 11:15:44 AM ::1 GET /components/full-width-box.html
 HTTP  7/30/2025 11:15:44 AM ::1 Returned 301 in 0 ms
 HTTP  7/30/2025 11:15:44 AM ::1 GET /components/full-width-box
 HTTP  7/30/2025 11:15:44 AM ::1 Returned 304 in 1 ms
 HTTP  7/30/2025 11:15:44 AM ::1 GET /images/TurnedHeadshot.jpg
 HTTP  7/30/2025 11:15:44 AM ::1 Returned 404 in 2 ms
 HTTP  7/30/2025 11:15:57 AM ::1 GET /artifacts/CV.pdf
 HTTP  7/30/2025 11:15:57 AM ::1 Returned 200 in 3 ms
 HTTP  7/30/2025 11:15:59 AM ::1 GET /favicon.ico
 HTTP  7/30/2025 11:15:59 AM ::1 Returned 404 in 10 ms
 HTTP  7/30/2025 11:18:39 AM ::1 GET /components/full-width-box.html
 HTTP  7/30/2025 11:18:39 AM ::1 Returned 301 in 1 ms
 HTTP  7/30/2025 11:18:39 AM ::1 GET /components/full-width-box
 HTTP  7/30/2025 11:18:39 AM ::1 Returned 304 in 1 ms
 HTTP  7/30/2025 11:18:39 AM ::1 GET /images/Research.jpg
 HTTP  7/30/2025 11:18:39 AM ::1 Returned 304 in 1 ms
 HTTP  7/30/2025 11:18:41 AM ::1 GET /components/full-width-box.html
 HTTP  7/30/2025 11:18:41 AM ::1 Returned 301 in 0 ms
 HTTP  7/30/2025 11:18:41 AM ::1 GET /components/full-width-box
 HTTP  7/30/2025 11:18:41 AM ::1 Returned 304 in 1 ms
 HTTP  7/30/2025 11:18:41 AM ::1 GET /images/PortoSunset.jpg
 HTTP  7/30/2025 11:18:41 AM ::1 GET /images/Music.jpg
 HTTP  7/30/2025 11:18:41 AM ::1 Returned 200 in 5 ms
 HTTP  7/30/2025 11:18:41 AM ::1 Returned 200 in 8 ms
 HTTP  7/30/2025 11:18:42 AM ::1 GET /images/Projects.jpg
 HTTP  7/30/2025 11:18:42 AM ::1 Returned 200 in 24 ms
 HTTP  7/30/2025 11:18:43 AM ::1 GET /components/full-width-box.html
 HTTP  7/30/2025 11:18:43 AM ::1 Returned 301 in 1 ms
 HTTP  7/30/2025 11:18:43 AM ::1 GET /components/full-width-box
 HTTP  7/30/2025 11:18:43 AM ::1 Returned 304 in 1 ms
 HTTP  7/30/2025 11:19:54 AM ::1 GET /components/full-width-box.html
 HTTP  7/30/2025 11:19:54 AM ::1 Returned 301 in 1 ms
 HTTP  7/30/2025 11:19:54 AM ::1 GET /components/full-width-box
 HTTP  7/30/2025 11:19:54 AM ::1 Returned 304 in 1 ms
 HTTP  7/30/2025 11:19:54 AM ::1 GET /images/TurnedHeadshot.jpg
 HTTP  7/30/2025 11:19:54 AM ::1 Returned 404 in 1 ms
 HTTP  7/30/2025 11:19:54 AM ::1 GET /components/full-width-box-alt.html
 HTTP  7/30/2025 11:19:54 AM ::1 Returned 301 in 0 ms
 HTTP  7/30/2025 11:19:54 AM ::1 GET /components/full-width-box-alt
 HTTP  7/30/2025 11:19:54 AM ::1 Returned 304 in 0 ms
 HTTP  7/30/2025 11:19:54 AM ::1 GET /components/full-width-box.html
 HTTP  7/30/2025 11:19:54 AM ::1 Returned 301 in 0 ms
 HTTP  7/30/2025 11:19:54 AM ::1 GET /components/full-width-box
 HTTP  7/30/2025 11:19:54 AM ::1 Returned 304 in 1 ms
 HTTP  7/30/2025 11:19:54 AM ::1 GET /images/TurnedHeadshot.jpg
 HTTP  7/30/2025 11:19:54 AM ::1 GET /images/Biography.jpg
 HTTP  7/30/2025 11:19:54 AM ::1 Returned 304 in 1 ms
 HTTP  7/30/2025 11:19:54 AM ::1 Returned 404 in 1 ms
 HTTP  7/30/2025 11:21:02 AM ::1 GET /components/full-width-box.html
 HTTP  7/30/2025 11:21:02 AM ::1 Returned 301 in 1 ms
 HTTP  7/30/2025 11:21:02 AM ::1 GET /components/full-width-box
 HTTP  7/30/2025 11:21:02 AM ::1 Returned 304 in 1 ms
 HTTP  7/30/2025 11:21:02 AM ::1 GET /images/Music.jpg
 HTTP  7/30/2025 11:21:02 AM ::1 Returned 304 in 1 ms
 HTTP  7/30/2025 11:21:18 AM ::1 GET /images/Projects.jpg
 HTTP  7/30/2025 11:21:18 AM ::1 Returned 304 in 1 ms
 HTTP  7/30/2025 11:21:18 AM ::1 GET /components/full-width-box.html
 HTTP  7/30/2025 11:21:18 AM ::1 Returned 301 in 1 ms
 HTTP  7/30/2025 11:21:18 AM ::1 GET /components/full-width-box
 HTTP  7/30/2025 11:21:18 AM ::1 Returned 304 in 1 ms
 HTTP  7/30/2025 11:21:18 AM ::1 GET /images/Research.jpg
 HTTP  7/30/2025 11:21:18 AM ::1 Returned 304 in 1 ms
 HTTP  7/30/2025 11:21:25 AM ::1 GET /components/full-width-box.html
 HTTP  7/30/2025 11:21:25 AM ::1 Returned 301 in 1 ms
 HTTP  7/30/2025 11:21:25 AM ::1 GET /components/full-width-box
 HTTP  7/30/2025 11:21:25 AM ::1 Returned 304 in 1 ms
 HTTP  7/30/2025 11:21:25 AM ::1 GET /images/TurnedHeadshot.jpg
 HTTP  7/30/2025 11:21:25 AM ::1 Returned 404 in 1 ms
 HTTP  7/30/2025 11:21:25 AM ::1 GET /components/full-width-box-alt.html
 HTTP  7/30/2025 11:21:25 AM ::1 Returned 301 in 1 ms
 HTTP  7/30/2025 11:21:25 AM ::1 GET /components/full-width-box-alt
 HTTP  7/30/2025 11:21:25 AM ::1 Returned 304 in 1 ms
 HTTP  7/30/2025 11:21:25 AM ::1 GET /components/full-width-box.html
 HTTP  7/30/2025 11:21:25 AM ::1 Returned 301 in 0 ms
 HTTP  7/30/2025 11:21:25 AM ::1 GET /components/full-width-box
 HTTP  7/30/2025 11:21:25 AM ::1 Returned 304 in 1 ms
 HTTP  7/30/2025 11:21:25 AM ::1 GET /images/TurnedHeadshot.jpg
 HTTP  7/30/2025 11:21:25 AM ::1 Returned 404 in 1 ms
 HTTP  7/30/2025 11:23:07 AM ::1 GET /biography
 HTTP  7/30/2025 11:23:07 AM ::1 Returned 404 in 1 ms
 HTTP  7/30/2025 11:23:07 AM ::1 GET /style.css
 HTTP  7/30/2025 11:23:07 AM ::1 Returned 304 in 1 ms
 HTTP  7/30/2025 11:23:07 AM ::1 GET /components.js
 HTTP  7/30/2025 11:23:07 AM ::1 Returned 200 in 1 ms
 HTTP  7/30/2025 11:23:07 AM ::1 GET /content.yaml
 HTTP  7/30/2025 11:23:07 AM ::1 Returned 304 in 1 ms
 HTTP  7/30/2025 11:23:07 AM ::1 GET /components/header.html
 HTTP  7/30/2025 11:23:07 AM ::1 Returned 301 in 0 ms
 HTTP  7/30/2025 11:23:07 AM ::1 GET /components/footer.html
 HTTP  7/30/2025 11:23:07 AM ::1 Returned 301 in 1 ms
 HTTP  7/30/2025 11:23:07 AM ::1 HEAD /images/TurnedHeadshot.jpg
 HTTP  7/30/2025 11:23:07 AM ::1 Returned 404 in 1 ms
 HTTP  7/30/2025 11:23:07 AM ::1 HEAD /images/TurnedHeadshot.png
 HTTP  7/30/2025 11:23:07 AM ::1 GET /components/header
 HTTP  7/30/2025 11:23:07 AM ::1 GET /components/footer
 HTTP  7/30/2025 11:23:07 AM ::1 Returned 304 in 1 ms
 HTTP  7/30/2025 11:23:07 AM ::1 Returned 200 in 1 ms
 HTTP  7/30/2025 11:23:07 AM ::1 Returned 200 in 22 ms
 HTTP  7/30/2025 11:23:07 AM ::1 GET /components/full-width-box.html
 HTTP  7/30/2025 11:23:07 AM ::1 Returned 301 in 0 ms
 HTTP  7/30/2025 11:23:07 AM ::1 GET /components/full-width-box
 HTTP  7/30/2025 11:23:07 AM ::1 Returned 304 in 1 ms
 HTTP  7/30/2025 11:23:07 AM ::1 GET /images/TurnedHeadshot.png
 HTTP  7/30/2025 11:23:07 AM ::1 Returned 200 in 0 ms
 HTTP  7/30/2025 11:23:07 AM ::1 HEAD /images/Little%20Ian.jpg
 HTTP  7/30/2025 11:23:07 AM ::1 Returned 200 in 2 ms
 HTTP  7/30/2025 11:23:07 AM ::1 GET /components/full-width-box-alt.html
 HTTP  7/30/2025 11:23:07 AM ::1 Returned 301 in 0 ms
 HTTP  7/30/2025 11:23:07 AM ::1 GET /components/full-width-box-alt
 HTTP  7/30/2025 11:23:07 AM ::1 Returned 304 in 1 ms
 HTTP  7/30/2025 11:23:07 AM ::1 GET /components/full-width-box.html
 HTTP  7/30/2025 11:23:07 AM ::1 Returned 301 in 0 ms
 HTTP  7/30/2025 11:23:07 AM ::1 GET /components/full-width-box
 HTTP  7/30/2025 11:23:07 AM ::1 Returned 304 in 0 ms
 HTTP  7/30/2025 11:23:07 AM ::1 GET /images/Biography.jpg
 HTTP  7/30/2025 11:23:07 AM ::1 Returned 304 in 1 ms
 HTTP  7/30/2025 11:24:58 AM ::1 GET /components/full-width-box.html
 HTTP  7/30/2025 11:24:58 AM ::1 Returned 301 in 1 ms
 HTTP  7/30/2025 11:24:58 AM ::1 GET /components/full-width-box
 HTTP  7/30/2025 11:24:58 AM ::1 Returned 304 in 1 ms
 HTTP  7/30/2025 11:24:58 AM ::1 GET /images/Research.jpg
 HTTP  7/30/2025 11:24:58 AM ::1 Returned 304 in 1 ms
 HTTP  7/30/2025 11:24:59 AM ::1 GET /
 HTTP  7/30/2025 11:24:59 AM ::1 Returned 304 in 0 ms
 HTTP  7/30/2025 11:24:59 AM ::1 GET /style.css
 HTTP  7/30/2025 11:24:59 AM ::1 Returned 304 in 0 ms
 HTTP  7/30/2025 11:24:59 AM ::1 GET /components.js
 HTTP  7/30/2025 11:24:59 AM ::1 Returned 304 in 0 ms
 HTTP  7/30/2025 11:24:59 AM ::1 GET /content.yaml
 HTTP  7/30/2025 11:24:59 AM ::1 Returned 304 in 1 ms
 HTTP  7/30/2025 11:24:59 AM ::1 GET /components/header.html
 HTTP  7/30/2025 11:24:59 AM ::1 Returned 301 in 0 ms
 HTTP  7/30/2025 11:24:59 AM ::1 GET /components/footer.html
 HTTP  7/30/2025 11:24:59 AM ::1 Returned 301 in 0 ms
 HTTP  7/30/2025 11:25:00 AM ::1 HEAD /images/TurnedHeadshot.jpg
 HTTP  7/30/2025 11:25:00 AM ::1 Returned 404 in 2 ms
 HTTP  7/30/2025 11:25:00 AM ::1 GET /components/header
 HTTP  7/30/2025 11:25:00 AM ::1 Returned 304 in 0 ms
 HTTP  7/30/2025 11:25:00 AM ::1 GET /components/footer
 HTTP  7/30/2025 11:25:00 AM ::1 Returned 200 in 2 ms
 HTTP  7/30/2025 11:25:00 AM ::1 HEAD /images/TurnedHeadshot.png
 HTTP  7/30/2025 11:25:00 AM ::1 Returned 304 in 0 ms
 HTTP  7/30/2025 11:25:00 AM ::1 GET /components/full-width-box.html
 HTTP  7/30/2025 11:25:00 AM ::1 Returned 301 in 0 ms
 HTTP  7/30/2025 11:25:00 AM ::1 GET /components/full-width-box
 HTTP  7/30/2025 11:25:00 AM ::1 Returned 304 in 1 ms
 HTTP  7/30/2025 11:25:00 AM ::1 GET /images/TurnedHeadshot.png
 HTTP  7/30/2025 11:25:00 AM ::1 HEAD /images/Little%20Ian.jpg
 HTTP  7/30/2025 11:25:00 AM ::1 Returned 304 in 0 ms
 HTTP  7/30/2025 11:25:00 AM ::1 Returned 304 in 1 ms
 HTTP  7/30/2025 11:25:00 AM ::1 GET /components/full-width-box-alt.html
 HTTP  7/30/2025 11:25:00 AM ::1 Returned 301 in 1 ms
 HTTP  7/30/2025 11:25:00 AM ::1 GET /components/full-width-box-alt
 HTTP  7/30/2025 11:25:00 AM ::1 Returned 304 in 1 ms
 HTTP  7/30/2025 11:25:00 AM ::1 GET /components/full-width-box.html
 HTTP  7/30/2025 11:25:00 AM ::1 Returned 301 in 0 ms
 HTTP  7/30/2025 11:25:00 AM ::1 GET /components/full-width-box
 HTTP  7/30/2025 11:25:00 AM ::1 Returned 304 in 0 ms
 HTTP  7/30/2025 11:25:00 AM ::1 GET /images/Biography.jpg
 HTTP  7/30/2025 11:25:00 AM ::1 Returned 304 in 0 ms
 HTTP  7/30/2025 11:25:01 AM ::1 HEAD /images/TurnedHeadshot.jpg
 HTTP  7/30/2025 11:25:01 AM ::1 Returned 404 in 1 ms
 HTTP  7/30/2025 11:25:01 AM ::1 HEAD /images/TurnedHeadshot.png
 HTTP  7/30/2025 11:25:01 AM ::1 Returned 304 in 0 ms
 HTTP  7/30/2025 11:25:01 AM ::1 GET /components/full-width-box.html
 HTTP  7/30/2025 11:25:01 AM ::1 Returned 301 in 0 ms
 HTTP  7/30/2025 11:25:01 AM ::1 GET /components/full-width-box
 HTTP  7/30/2025 11:25:01 AM ::1 Returned 304 in 1 ms
 HTTP  7/30/2025 11:25:01 AM ::1 HEAD /images/Little%20Ian.jpg
 HTTP  7/30/2025 11:25:01 AM ::1 Returned 304 in 1 ms
 HTTP  7/30/2025 11:25:01 AM ::1 GET /components/full-width-box-alt.html
 HTTP  7/30/2025 11:25:01 AM ::1 Returned 301 in 0 ms
 HTTP  7/30/2025 11:25:01 AM ::1 GET /components/full-width-box-alt
 HTTP  7/30/2025 11:25:01 AM ::1 Returned 304 in 1 ms
 HTTP  7/30/2025 11:25:01 AM ::1 GET /components/full-width-box.html
 HTTP  7/30/2025 11:25:01 AM ::1 Returned 301 in 0 ms
 HTTP  7/30/2025 11:25:01 AM ::1 GET /components/full-width-box
 HTTP  7/30/2025 11:25:01 AM ::1 Returned 304 in 1 ms
 HTTP  7/30/2025 11:25:03 AM ::1 GET /
 HTTP  7/30/2025 11:25:03 AM ::1 Returned 304 in 0 ms
 HTTP  7/30/2025 11:25:04 AM ::1 GET /style.css
 HTTP  7/30/2025 11:25:04 AM ::1 GET /components.js
 HTTP  7/30/2025 11:25:04 AM ::1 Returned 304 in 1 ms
 HTTP  7/30/2025 11:25:04 AM ::1 Returned 304 in 0 ms
 HTTP  7/30/2025 11:25:04 AM ::1 GET /content.yaml
 HTTP  7/30/2025 11:25:04 AM ::1 Returned 304 in 0 ms
 HTTP  7/30/2025 11:25:04 AM ::1 GET /components/header.html
 HTTP  7/30/2025 11:25:04 AM ::1 Returned 301 in 1 ms
 HTTP  7/30/2025 11:25:04 AM ::1 GET /components/footer.html
 HTTP  7/30/2025 11:25:04 AM ::1 Returned 301 in 0 ms
 HTTP  7/30/2025 11:25:04 AM ::1 HEAD /images/TurnedHeadshot.jpg
 HTTP  7/30/2025 11:25:04 AM ::1 Returned 404 in 1 ms
 HTTP  7/30/2025 11:25:04 AM ::1 HEAD /images/TurnedHeadshot.png
 HTTP  7/30/2025 11:25:04 AM ::1 Returned 304 in 0 ms
 HTTP  7/30/2025 11:25:04 AM ::1 GET /components/header
 HTTP  7/30/2025 11:25:04 AM ::1 GET /components/footer
 HTTP  7/30/2025 11:25:04 AM ::1 Returned 304 in 1 ms
 HTTP  7/30/2025 11:25:04 AM ::1 Returned 304 in 0 ms
 HTTP  7/30/2025 11:25:04 AM ::1 GET /components/full-width-box.html
 HTTP  7/30/2025 11:25:04 AM ::1 Returned 301 in 1 ms
 HTTP  7/30/2025 11:25:04 AM ::1 GET /components/full-width-box
 HTTP  7/30/2025 11:25:04 AM ::1 Returned 304 in 1 ms
 HTTP  7/30/2025 11:25:04 AM ::1 GET /images/TurnedHeadshot.png
 HTTP  7/30/2025 11:25:04 AM ::1 Returned 304 in 0 ms
 HTTP  7/30/2025 11:25:04 AM ::1 HEAD /images/Little%20Ian.jpg
 HTTP  7/30/2025 11:25:04 AM ::1 Returned 304 in 1 ms
 HTTP  7/30/2025 11:25:04 AM ::1 GET /components/full-width-box-alt.html
 HTTP  7/30/2025 11:25:04 AM ::1 Returned 301 in 1 ms
 HTTP  7/30/2025 11:25:04 AM ::1 GET /components/full-width-box-alt
 HTTP  7/30/2025 11:25:04 AM ::1 Returned 304 in 1 ms
 HTTP  7/30/2025 11:25:04 AM ::1 GET /components/full-width-box.html
 HTTP  7/30/2025 11:25:04 AM ::1 Returned 301 in 0 ms
 HTTP  7/30/2025 11:25:04 AM ::1 GET /components/full-width-box
 HTTP  7/30/2025 11:25:04 AM ::1 Returned 304 in 0 ms
 HTTP  7/30/2025 11:25:04 AM ::1 GET /images/Biography.jpg
 HTTP  7/30/2025 11:25:04 AM ::1 Returned 304 in 1 ms
 HTTP  7/30/2025 11:25:09 AM ::1 HEAD /images/TurnedHeadshot.jpg
 HTTP  7/30/2025 11:25:09 AM ::1 Returned 404 in 2 ms
 HTTP  7/30/2025 11:25:09 AM ::1 HEAD /images/TurnedHeadshot.png
 HTTP  7/30/2025 11:25:09 AM ::1 Returned 304 in 0 ms
 HTTP  7/30/2025 11:25:09 AM ::1 GET /components/full-width-box.html
 HTTP  7/30/2025 11:25:09 AM ::1 Returned 301 in 1 ms
 HTTP  7/30/2025 11:25:09 AM ::1 GET /components/full-width-box
 HTTP  7/30/2025 11:25:09 AM ::1 Returned 304 in 0 ms
 HTTP  7/30/2025 11:25:09 AM ::1 HEAD /images/Little%20Ian.jpg
 HTTP  7/30/2025 11:25:09 AM ::1 Returned 304 in 0 ms
 HTTP  7/30/2025 11:25:09 AM ::1 GET /components/full-width-box-alt.html
 HTTP  7/30/2025 11:25:09 AM ::1 Returned 301 in 0 ms
 HTTP  7/30/2025 11:25:09 AM ::1 GET /components/full-width-box-alt
 HTTP  7/30/2025 11:25:09 AM ::1 Returned 304 in 1 ms
 HTTP  7/30/2025 11:25:09 AM ::1 GET /components/full-width-box.html
 HTTP  7/30/2025 11:25:09 AM ::1 Returned 301 in 0 ms
 HTTP  7/30/2025 11:25:09 AM ::1 GET /components/full-width-box
 HTTP  7/30/2025 11:25:09 AM ::1 Returned 304 in 1 ms
 HTTP  7/30/2025 11:25:13 AM ::1 GET /
 HTTP  7/30/2025 11:25:13 AM ::1 Returned 304 in 1 ms
 HTTP  7/30/2025 11:25:14 AM ::1 GET /style.css
 HTTP  7/30/2025 11:25:14 AM ::1 Returned 304 in 1 ms
 HTTP  7/30/2025 11:25:14 AM ::1 GET /components.js
 HTTP  7/30/2025 11:25:14 AM ::1 Returned 304 in 1 ms
 HTTP  7/30/2025 11:25:14 AM ::1 GET /content.yaml
 HTTP  7/30/2025 11:25:14 AM ::1 Returned 304 in 0 ms
 HTTP  7/30/2025 11:25:14 AM ::1 GET /components/header.html
 HTTP  7/30/2025 11:25:14 AM ::1 Returned 301 in 0 ms
 HTTP  7/30/2025 11:25:14 AM ::1 GET /components/footer.html
 HTTP  7/30/2025 11:25:14 AM ::1 Returned 301 in 0 ms
 HTTP  7/30/2025 11:25:14 AM ::1 HEAD /images/TurnedHeadshot.jpg
 HTTP  7/30/2025 11:25:14 AM ::1 Returned 404 in 1 ms
 HTTP  7/30/2025 11:25:14 AM ::1 HEAD /images/TurnedHeadshot.png
 HTTP  7/30/2025 11:25:14 AM ::1 GET /components/header
 HTTP  7/30/2025 11:25:14 AM ::1 Returned 304 in 1 ms
 HTTP  7/30/2025 11:25:14 AM ::1 GET /components/footer
 HTTP  7/30/2025 11:25:14 AM ::1 Returned 304 in 1 ms
 HTTP  7/30/2025 11:25:14 AM ::1 Returned 304 in 0 ms
 HTTP  7/30/2025 11:25:14 AM ::1 GET /components/full-width-box.html
 HTTP  7/30/2025 11:25:14 AM ::1 Returned 301 in 1 ms
 HTTP  7/30/2025 11:25:14 AM ::1 GET /components/full-width-box
 HTTP  7/30/2025 11:25:14 AM ::1 Returned 304 in 1 ms
 HTTP  7/30/2025 11:25:14 AM ::1 GET /images/TurnedHeadshot.png
 HTTP  7/30/2025 11:25:14 AM ::1 HEAD /images/Little%20Ian.jpg
 HTTP  7/30/2025 11:25:14 AM ::1 Returned 304 in 1 ms
 HTTP  7/30/2025 11:25:14 AM ::1 Returned 304 in 0 ms
 HTTP  7/30/2025 11:25:14 AM ::1 GET /components/full-width-box-alt.html
 HTTP  7/30/2025 11:25:14 AM ::1 Returned 301 in 1 ms
 HTTP  7/30/2025 11:25:14 AM ::1 GET /components/full-width-box-alt
 HTTP  7/30/2025 11:25:14 AM ::1 Returned 304 in 1 ms
 HTTP  7/30/2025 11:25:14 AM ::1 GET /components/full-width-box.html
 HTTP  7/30/2025 11:25:14 AM ::1 Returned 301 in 0 ms
 HTTP  7/30/2025 11:25:14 AM ::1 GET /components/full-width-box
 HTTP  7/30/2025 11:25:14 AM ::1 Returned 304 in 1 ms
 HTTP  7/30/2025 11:25:14 AM ::1 GET /images/Biography.jpg
 HTTP  7/30/2025 11:25:14 AM ::1 Returned 304 in 0 ms
 HTTP  7/30/2025 11:25:49 AM ::1 HEAD /images/PortoSunset.jpg
 HTTP  7/30/2025 11:25:49 AM ::1 Returned 200 in 1 ms
 HTTP  7/30/2025 11:25:49 AM ::1 GET /components/full-width-box.html
 HTTP  7/30/2025 11:25:49 AM ::1 Returned 301 in 0 ms
 HTTP  7/30/2025 11:25:49 AM ::1 GET /components/full-width-box
 HTTP  7/30/2025 11:25:49 AM ::1 Returned 304 in 1 ms
 HTTP  7/30/2025 11:25:49 AM ::1 GET /images/PortoSunset.jpg
 HTTP  7/30/2025 11:25:49 AM ::1 Returned 304 in 1 ms
 HTTP  7/30/2025 11:25:49 AM ::1 GET /images/Music.jpg
 HTTP  7/30/2025 11:25:49 AM ::1 Returned 304 in 1 ms
 HTTP  7/30/2025 11:27:24 AM ::1 GET /music
 HTTP  7/30/2025 11:27:24 AM ::1 Returned 404 in 1 ms
 HTTP  7/30/2025 11:27:24 AM ::1 GET /style.css
 HTTP  7/30/2025 11:27:24 AM ::1 Returned 304 in 0 ms
 HTTP  7/30/2025 11:27:24 AM ::1 GET /components.js
 HTTP  7/30/2025 11:27:24 AM ::1 Returned 304 in 1 ms
 HTTP  7/30/2025 11:27:24 AM ::1 GET /content.yaml
 HTTP  7/30/2025 11:27:24 AM ::1 Returned 304 in 1 ms
 HTTP  7/30/2025 11:27:24 AM ::1 GET /components/header.html
 HTTP  7/30/2025 11:27:24 AM ::1 Returned 301 in 1 ms
 HTTP  7/30/2025 11:27:25 AM ::1 HEAD /images/PortoSunset.jpg
 HTTP  7/30/2025 11:27:25 AM ::1 Returned 304 in 0 ms
 HTTP  7/30/2025 11:27:25 AM ::1 GET /components/footer.html
 HTTP  7/30/2025 11:27:25 AM ::1 Returned 301 in 0 ms
 HTTP  7/30/2025 11:27:25 AM ::1 GET /components/header
 HTTP  7/30/2025 11:27:25 AM ::1 GET /components/footer
 HTTP  7/30/2025 11:27:25 AM ::1 Returned 304 in 0 ms
 HTTP  7/30/2025 11:27:25 AM ::1 Returned 304 in 1 ms
 HTTP  7/30/2025 11:27:25 AM ::1 GET /components/full-width-box.html
 HTTP  7/30/2025 11:27:25 AM ::1 Returned 301 in 0 ms
 HTTP  7/30/2025 11:27:25 AM ::1 GET /components/full-width-box
 HTTP  7/30/2025 11:27:25 AM ::1 Returned 304 in 0 ms
 HTTP  7/30/2025 11:27:25 AM ::1 GET /images/PortoSunset.jpg
 HTTP  7/30/2025 11:27:25 AM ::1 Returned 304 in 0 ms
 HTTP  7/30/2025 11:27:25 AM ::1 GET /images/Music.jpg
 HTTP  7/30/2025 11:27:25 AM ::1 Returned 304 in 1 ms
 HTTP  7/30/2025 11:28:00 AM ::1 GET /images/Projects.jpg
 HTTP  7/30/2025 11:28:00 AM ::1 Returned 304 in 1 ms
 HTTP  7/30/2025 11:28:01 AM ::1 HEAD /images/TurnedHeadshot.jpg
 HTTP  7/30/2025 11:28:01 AM ::1 Returned 404 in 2 ms
 HTTP  7/30/2025 11:28:01 AM ::1 HEAD /images/TurnedHeadshot.png
 HTTP  7/30/2025 11:28:01 AM ::1 Returned 200 in 1 ms
 HTTP  7/30/2025 11:28:01 AM ::1 GET /components/full-width-box.html
 HTTP  7/30/2025 11:28:01 AM ::1 Returned 301 in 1 ms
 HTTP  7/30/2025 11:28:01 AM ::1 GET /components/full-width-box
 HTTP  7/30/2025 11:28:01 AM ::1 Returned 304 in 1 ms
 HTTP  7/30/2025 11:28:01 AM ::1 HEAD /images/Little%20Ian.jpg
 HTTP  7/30/2025 11:28:01 AM ::1 Returned 200 in 0 ms
 HTTP  7/30/2025 11:28:01 AM ::1 GET /images/TurnedHeadshot.png
 HTTP  7/30/2025 11:28:01 AM ::1 Returned 304 in 2 ms
 HTTP  7/30/2025 11:28:01 AM ::1 GET /components/full-width-box-alt.html
 HTTP  7/30/2025 11:28:01 AM ::1 Returned 301 in 0 ms
 HTTP  7/30/2025 11:28:01 AM ::1 GET /components/full-width-box-alt
 HTTP  7/30/2025 11:28:01 AM ::1 Returned 200 in 0 ms
 HTTP  7/30/2025 11:28:01 AM ::1 GET /components/full-width-box.html
 HTTP  7/30/2025 11:28:01 AM ::1 Returned 301 in 0 ms
 HTTP  7/30/2025 11:28:01 AM ::1 GET /components/full-width-box
 HTTP  7/30/2025 11:28:01 AM ::1 Returned 304 in 1 ms
 HTTP  7/30/2025 11:28:01 AM ::1 GET /images/Biography.jpg
 HTTP  7/30/2025 11:28:01 AM ::1 Returned 304 in 1 ms
 HTTP  7/30/2025 11:28:06 AM ::1 GET /components/full-width-box.html
 HTTP  7/30/2025 11:28:06 AM ::1 Returned 301 in 1 ms
 HTTP  7/30/2025 11:28:06 AM ::1 GET /components/full-width-box
 HTTP  7/30/2025 11:28:06 AM ::1 Returned 304 in 1 ms
 HTTP  7/30/2025 11:28:06 AM ::1 GET /images/Research.jpg
 HTTP  7/30/2025 11:28:06 AM ::1 Returned 304 in 0 ms
 HTTP  7/30/2025 11:28:31 AM ::1 HEAD /images/TurnedHeadshot.jpg
 HTTP  7/30/2025 11:28:31 AM ::1 Returned 404 in 1 ms
 HTTP  7/30/2025 11:28:31 AM ::1 HEAD /images/TurnedHeadshot.png
 HTTP  7/30/2025 11:28:31 AM ::1 Returned 304 in 1 ms
 HTTP  7/30/2025 11:28:31 AM ::1 GET /components/full-width-box.html
 HTTP  7/30/2025 11:28:31 AM ::1 Returned 301 in 1 ms
 HTTP  7/30/2025 11:28:31 AM ::1 GET /components/full-width-box
 HTTP  7/30/2025 11:28:31 AM ::1 Returned 304 in 0 ms
 HTTP  7/30/2025 11:28:31 AM ::1 HEAD /images/Little%20Ian.jpg
 HTTP  7/30/2025 11:28:31 AM ::1 Returned 304 in 1 ms
 HTTP  7/30/2025 11:28:31 AM ::1 GET /components/full-width-box-alt.html
 HTTP  7/30/2025 11:28:31 AM ::1 Returned 301 in 1 ms
 HTTP  7/30/2025 11:28:31 AM ::1 GET /components/full-width-box-alt
 HTTP  7/30/2025 11:28:31 AM ::1 Returned 304 in 0 ms
 HTTP  7/30/2025 11:28:31 AM ::1 GET /components/full-width-box.html
 HTTP  7/30/2025 11:28:31 AM ::1 Returned 301 in 0 ms
 HTTP  7/30/2025 11:28:31 AM ::1 GET /components/full-width-box
 HTTP  7/30/2025 11:28:31 AM ::1 Returned 304 in 1 ms
 HTTP  7/30/2025 11:29:14 AM ::1 GET /components/full-width-box.html
 HTTP  7/30/2025 11:29:14 AM ::1 Returned 301 in 0 ms
 HTTP  7/30/2025 11:29:14 AM ::1 GET /components/full-width-box
 HTTP  7/30/2025 11:29:14 AM ::1 Returned 304 in 1 ms
 HTTP  7/30/2025 11:29:14 AM ::1 GET /
 HTTP  7/30/2025 11:29:14 AM ::1 Returned 200 in 1 ms
 HTTP  7/30/2025 11:29:14 AM ::1 GET /style.css
 HTTP  7/30/2025 11:29:14 AM ::1 Returned 304 in 1 ms
 HTTP  7/30/2025 11:29:14 AM ::1 GET /components.js
 HTTP  7/30/2025 11:29:14 AM ::1 Returned 304 in 1 ms
 HTTP  7/30/2025 11:29:14 AM ::1 GET /content.yaml
 HTTP  7/30/2025 11:29:14 AM ::1 Returned 304 in 1 ms
 HTTP  7/30/2025 11:29:14 AM ::1 GET /components/header.html
 HTTP  7/30/2025 11:29:14 AM ::1 Returned 301 in 0 ms
 HTTP  7/30/2025 11:29:14 AM ::1 GET /components/footer.html
 HTTP  7/30/2025 11:29:14 AM ::1 Returned 301 in 0 ms
 HTTP  7/30/2025 11:29:14 AM ::1 HEAD /images/TurnedHeadshot.jpg
 HTTP  7/30/2025 11:29:14 AM ::1 Returned 404 in 0 ms
 HTTP  7/30/2025 11:29:14 AM ::1 HEAD /images/TurnedHeadshot.png
 HTTP  7/30/2025 11:29:14 AM ::1 GET /components/header
 HTTP  7/30/2025 11:29:14 AM ::1 GET /components/footer
 HTTP  7/30/2025 11:29:14 AM ::1 Returned 304 in 1 ms
 HTTP  7/30/2025 11:29:14 AM ::1 Returned 304 in 1 ms
 HTTP  7/30/2025 11:29:14 AM ::1 Returned 304 in 1 ms
 HTTP  7/30/2025 11:29:14 AM ::1 GET /components/full-width-box.html
 HTTP  7/30/2025 11:29:14 AM ::1 Returned 301 in 1 ms
 HTTP  7/30/2025 11:29:14 AM ::1 GET /components/full-width-box
 HTTP  7/30/2025 11:29:14 AM ::1 Returned 304 in 0 ms
 HTTP  7/30/2025 11:29:14 AM ::1 GET /images/TurnedHeadshot.png
 HTTP  7/30/2025 11:29:14 AM ::1 Returned 304 in 1 ms
 HTTP  7/30/2025 11:29:14 AM ::1 HEAD /images/Little%20Ian.jpg
 HTTP  7/30/2025 11:29:14 AM ::1 Returned 304 in 1 ms
 HTTP  7/30/2025 11:29:14 AM ::1 GET /components/full-width-box-alt.html
 HTTP  7/30/2025 11:29:14 AM ::1 Returned 301 in 1 ms
 HTTP  7/30/2025 11:29:15 AM ::1 GET /components/full-width-box-alt
 HTTP  7/30/2025 11:29:15 AM ::1 Returned 304 in 1 ms
 HTTP  7/30/2025 11:29:15 AM ::1 GET /components/full-width-box.html
 HTTP  7/30/2025 11:29:15 AM ::1 Returned 301 in 1 ms
 HTTP  7/30/2025 11:29:15 AM ::1 GET /components/full-width-box
 HTTP  7/30/2025 11:29:15 AM ::1 Returned 304 in 1 ms
 HTTP  7/30/2025 11:29:15 AM ::1 GET /images/Biography.jpg
 HTTP  7/30/2025 11:29:15 AM ::1 Returned 304 in 0 ms
 HTTP  7/30/2025 11:31:26 AM ::1 GET /components/full-width-box.html
 HTTP  7/30/2025 11:31:26 AM ::1 Returned 301 in 0 ms
 HTTP  7/30/2025 11:31:26 AM ::1 GET /components/full-width-box
 HTTP  7/30/2025 11:31:26 AM ::1 Returned 304 in 1 ms
 HTTP  7/30/2025 11:31:26 AM ::1 GET /images/Research.jpg
 HTTP  7/30/2025 11:31:26 AM ::1 Returned 304 in 0 ms
 HTTP  7/30/2025 11:31:28 AM ::1 HEAD /images/PortoSunset.jpg
 HTTP  7/30/2025 11:31:28 AM ::1 Returned 304 in 1 ms
 HTTP  7/30/2025 11:31:28 AM ::1 GET /components/full-width-box.html
 HTTP  7/30/2025 11:31:28 AM ::1 Returned 301 in 1 ms
 HTTP  7/30/2025 11:31:28 AM ::1 GET /components/full-width-box
 HTTP  7/30/2025 11:31:28 AM ::1 Returned 304 in 1 ms
 HTTP  7/30/2025 11:31:28 AM ::1 GET /images/PortoSunset.jpg
 HTTP  7/30/2025 11:31:28 AM ::1 Returned 304 in 1 ms
 HTTP  7/30/2025 11:31:28 AM ::1 GET /images/Music.jpg
 HTTP  7/30/2025 11:31:28 AM ::1 Returned 304 in 1 ms
 HTTP  7/30/2025 11:32:17 AM ::1 GET /components/full-width-box.html
 HTTP  7/30/2025 11:32:17 AM ::1 Returned 301 in 0 ms
 HTTP  7/30/2025 11:32:17 AM ::1 GET /components/full-width-box
 HTTP  7/30/2025 11:32:17 AM ::1 Returned 304 in 1 ms
 HTTP  7/30/2025 11:32:41 AM ::1 HEAD /images/TurnedHeadshot.jpg
 HTTP  7/30/2025 11:32:41 AM ::1 Returned 404 in 1 ms
 HTTP  7/30/2025 11:32:41 AM ::1 HEAD /images/TurnedHeadshot.png
 HTTP  7/30/2025 11:32:41 AM ::1 Returned 304 in 0 ms
 HTTP  7/30/2025 11:32:41 AM ::1 GET /components/full-width-box.html
 HTTP  7/30/2025 11:32:41 AM ::1 Returned 301 in 0 ms
 HTTP  7/30/2025 11:32:41 AM ::1 GET /components/full-width-box
 HTTP  7/30/2025 11:32:41 AM ::1 Returned 304 in 1 ms
 HTTP  7/30/2025 11:32:41 AM ::1 HEAD /images/Little%20Ian.jpg
 HTTP  7/30/2025 11:32:41 AM ::1 Returned 304 in 1 ms
 HTTP  7/30/2025 11:32:41 AM ::1 GET /components/full-width-box-alt.html
 HTTP  7/30/2025 11:32:41 AM ::1 Returned 301 in 0 ms
 HTTP  7/30/2025 11:32:41 AM ::1 GET /components/full-width-box-alt
 HTTP  7/30/2025 11:32:41 AM ::1 Returned 304 in 1 ms
 HTTP  7/30/2025 11:32:41 AM ::1 GET /components/full-width-box.html
 HTTP  7/30/2025 11:32:41 AM ::1 Returned 301 in 1 ms
 HTTP  7/30/2025 11:32:41 AM ::1 GET /components/full-width-box
 HTTP  7/30/2025 11:32:41 AM ::1 Returned 304 in 0 ms
 HTTP  7/30/2025 11:54:17 AM ::1 HEAD /images/PortoSunset.jpg
 HTTP  7/30/2025 11:54:17 AM ::1 Returned 304 in 1 ms
 HTTP  7/30/2025 11:54:17 AM ::1 GET /components/full-width-box.html
 HTTP  7/30/2025 11:54:17 AM ::1 Returned 301 in 1 ms
 HTTP  7/30/2025 11:54:17 AM ::1 GET /components/full-width-box
 HTTP  7/30/2025 11:54:17 AM ::1 Returned 304 in 1 ms
 HTTP  7/30/2025 11:54:17 AM ::1 GET /images/Music.jpg
 HTTP  7/30/2025 11:54:17 AM ::1 Returned 304 in 0 ms
 HTTP  7/30/2025 11:54:19 AM ::1 GET /music
 HTTP  7/30/2025 11:54:19 AM ::1 Returned 404 in 2 ms
 HTTP  7/30/2025 11:54:19 AM ::1 GET /style.css
 HTTP  7/30/2025 11:54:19 AM ::1 Returned 200 in 1 ms
 HTTP  7/30/2025 11:54:19 AM ::1 GET /components.js
 HTTP  7/30/2025 11:54:19 AM ::1 Returned 304 in 1 ms
 HTTP  7/30/2025 11:54:19 AM ::1 GET /content.yaml
 HTTP  7/30/2025 11:54:19 AM ::1 Returned 200 in 2 ms
 HTTP  7/30/2025 11:54:20 AM ::1 GET /favicon.ico
 HTTP  7/30/2025 11:54:20 AM ::1 Returned 404 in 2 ms
 HTTP  7/30/2025 11:54:20 AM ::1 GET /components/header.html
 HTTP  7/30/2025 11:54:20 AM ::1 Returned 301 in 1 ms
 HTTP  7/30/2025 11:54:20 AM ::1 GET /components/footer.html
 HTTP  7/30/2025 11:54:20 AM ::1 Returned 301 in 0 ms
 HTTP  7/30/2025 11:54:20 AM ::1 GET /components/full-width-box.html
 HTTP  7/30/2025 11:54:20 AM ::1 Returned 301 in 1 ms
 HTTP  7/30/2025 11:54:20 AM ::1 GET /components/full-width-box
 HTTP  7/30/2025 11:54:20 AM ::1 GET /components/header
 HTTP  7/30/2025 11:54:20 AM ::1 Returned 304 in 1 ms
 HTTP  7/30/2025 11:54:20 AM ::1 Returned 200 in 0 ms
 HTTP  7/30/2025 11:54:20 AM ::1 GET /components/footer
 HTTP  7/30/2025 11:54:20 AM ::1 Returned 200 in 1 ms
 HTTP  7/30/2025 11:54:20 AM ::1 HEAD /images/DoubtCover.jpg
 HTTP  7/30/2025 11:54:20 AM ::1 Returned 200 in 10 ms
 HTTP  7/30/2025 11:54:20 AM ::1 GET /components/full-width-box-alt.html
 HTTP  7/30/2025 11:54:20 AM ::1 Returned 301 in 1 ms
 HTTP  7/30/2025 11:54:20 AM ::1 GET /components/full-width-box-alt
 HTTP  7/30/2025 11:54:20 AM ::1 Returned 200 in 1 ms
 HTTP  7/30/2025 11:54:20 AM ::1 GET /images/DoubtCover.jpg
 HTTP  7/30/2025 11:54:20 AM ::1 HEAD /images/HobbiesCover.jpg
 HTTP  7/30/2025 11:54:20 AM ::1 Returned 200 in 1 ms
 HTTP  7/30/2025 11:54:20 AM ::1 Returned 404 in 1 ms
 HTTP  7/30/2025 11:54:20 AM ::1 HEAD /images/HobbiesCover.png
 HTTP  7/30/2025 11:54:20 AM ::1 Returned 200 in 7 ms
 HTTP  7/30/2025 11:54:20 AM ::1 GET /components/full-width-box.html
 HTTP  7/30/2025 11:54:20 AM ::1 Returned 301 in 0 ms
 HTTP  7/30/2025 11:54:20 AM ::1 GET /components/full-width-box
 HTTP  7/30/2025 11:54:20 AM ::1 Returned 304 in 0 ms
 HTTP  7/30/2025 11:54:20 AM ::1 GET /images/HobbiesCover.png
 HTTP  7/30/2025 11:54:20 AM ::1 Returned 200 in 0 ms
 HTTP  7/30/2025 11:54:20 AM ::1 HEAD /images/PortoSunset.jpg
 HTTP  7/30/2025 11:54:20 AM ::1 Returned 304 in 0 ms
 HTTP  7/30/2025 11:54:20 AM ::1 GET /components/full-width-box-alt.html
 HTTP  7/30/2025 11:54:20 AM ::1 Returned 301 in 1 ms
 HTTP  7/30/2025 11:54:20 AM ::1 GET /components/full-width-box-alt
 HTTP  7/30/2025 11:54:20 AM ::1 Returned 304 in 0 ms
 HTTP  7/30/2025 11:54:20 AM ::1 GET /images/Music.jpg
 HTTP  7/30/2025 11:54:20 AM ::1 GET /images/PortoSunset.jpg
 HTTP  7/30/2025 11:54:20 AM ::1 Returned 304 in 1 ms
 HTTP  7/30/2025 11:54:20 AM ::1 Returned 304 in 1 ms
 HTTP  7/30/2025 11:55:50 AM ::1 GET /images/Projects.jpg
 HTTP  7/30/2025 11:55:50 AM ::1 Returned 304 in 1 ms
 HTTP  7/30/2025 11:55:50 AM ::1 GET /components/full-width-box.html
 HTTP  7/30/2025 11:55:50 AM ::1 Returned 301 in 1 ms
 HTTP  7/30/2025 11:55:50 AM ::1 GET /components/full-width-box
 HTTP  7/30/2025 11:55:50 AM ::1 Returned 304 in 1 ms
 HTTP  7/30/2025 11:55:51 AM ::1 HEAD /images/DoubtCover.jpg
 HTTP  7/30/2025 11:55:51 AM ::1 Returned 304 in 0 ms
 HTTP  7/30/2025 11:55:51 AM ::1 GET /components/full-width-box-alt.html
 HTTP  7/30/2025 11:55:51 AM ::1 Returned 301 in 0 ms
 HTTP  7/30/2025 11:55:51 AM ::1 GET /components/full-width-box-alt
 HTTP  7/30/2025 11:55:51 AM ::1 Returned 304 in 1 ms
 HTTP  7/30/2025 11:55:51 AM ::1 HEAD /images/HobbiesCover.jpg
 HTTP  7/30/2025 11:55:51 AM ::1 Returned 404 in 1 ms
 HTTP  7/30/2025 11:55:51 AM ::1 HEAD /images/HobbiesCover.png
 HTTP  7/30/2025 11:55:51 AM ::1 Returned 304 in 0 ms
 HTTP  7/30/2025 11:55:51 AM ::1 GET /components/full-width-box.html
 HTTP  7/30/2025 11:55:51 AM ::1 Returned 301 in 1 ms
 HTTP  7/30/2025 11:55:51 AM ::1 GET /components/full-width-box
 HTTP  7/30/2025 11:55:51 AM ::1 Returned 304 in 1 ms
 HTTP  7/30/2025 11:55:51 AM ::1 HEAD /images/PortoSunset.jpg
 HTTP  7/30/2025 11:55:51 AM ::1 Returned 304 in 0 ms
 HTTP  7/30/2025 11:55:51 AM ::1 GET /components/full-width-box-alt.html
 HTTP  7/30/2025 11:55:51 AM ::1 Returned 301 in 0 ms
 HTTP  7/30/2025 11:55:51 AM ::1 GET /components/full-width-box-alt
 HTTP  7/30/2025 11:55:51 AM ::1 Returned 304 in 1 ms
 HTTP  7/30/2025 11:55:53 AM ::1 GET /components/full-width-box.html
 HTTP  7/30/2025 11:55:53 AM ::1 Returned 301 in 0 ms
 HTTP  7/30/2025 11:55:53 AM ::1 GET /components/full-width-box
 HTTP  7/30/2025 11:55:53 AM ::1 Returned 304 in 1 ms
 HTTP  7/30/2025 11:55:53 AM ::1 HEAD /images/DoubtCover.jpg
 HTTP  7/30/2025 11:55:53 AM ::1 Returned 304 in 1 ms
 HTTP  7/30/2025 11:55:53 AM ::1 GET /components/full-width-box-alt.html
 HTTP  7/30/2025 11:55:53 AM ::1 Returned 301 in 0 ms
 HTTP  7/30/2025 11:55:53 AM ::1 GET /components/full-width-box-alt
 HTTP  7/30/2025 11:55:53 AM ::1 Returned 304 in 1 ms
 HTTP  7/30/2025 11:55:53 AM ::1 HEAD /images/HobbiesCover.jpg
 HTTP  7/30/2025 11:55:53 AM ::1 Returned 404 in 1 ms
 HTTP  7/30/2025 11:55:53 AM ::1 HEAD /images/HobbiesCover.png
 HTTP  7/30/2025 11:55:53 AM ::1 Returned 304 in 1 ms
 HTTP  7/30/2025 11:55:53 AM ::1 GET /components/full-width-box.html
 HTTP  7/30/2025 11:55:53 AM ::1 Returned 301 in 0 ms
 HTTP  7/30/2025 11:55:53 AM ::1 GET /components/full-width-box
 HTTP  7/30/2025 11:55:53 AM ::1 Returned 304 in 1 ms
 HTTP  7/30/2025 11:55:53 AM ::1 HEAD /images/PortoSunset.jpg
 HTTP  7/30/2025 11:55:53 AM ::1 Returned 304 in 0 ms
 HTTP  7/30/2025 11:55:53 AM ::1 GET /components/full-width-box-alt.html
 HTTP  7/30/2025 11:55:53 AM ::1 Returned 301 in 1 ms
 HTTP  7/30/2025 11:55:53 AM ::1 GET /components/full-width-box-alt
 HTTP  7/30/2025 11:55:53 AM ::1 Returned 304 in 1 ms
 HTTP  7/30/2025 11:56:40 AM ::1 GET /components/full-width-box.html
 HTTP  7/30/2025 11:56:40 AM ::1 Returned 301 in 1 ms
 HTTP  7/30/2025 11:56:40 AM ::1 GET /components/full-width-box
 HTTP  7/30/2025 11:56:40 AM ::1 Returned 304 in 1 ms
 HTTP  7/30/2025 11:56:40 AM ::1 GET /images/Research.jpg
 HTTP  7/30/2025 11:56:40 AM ::1 Returned 304 in 1 ms
 HTTP  7/30/2025 11:56:46 AM ::1 HEAD /images/TurnedHeadshot.jpg
 HTTP  7/30/2025 11:56:46 AM ::1 Returned 404 in 1 ms
 HTTP  7/30/2025 11:56:46 AM ::1 HEAD /images/TurnedHeadshot.png
 HTTP  7/30/2025 11:56:46 AM ::1 Returned 200 in 0 ms
 HTTP  7/30/2025 11:56:46 AM ::1 GET /components/full-width-box.html
 HTTP  7/30/2025 11:56:46 AM ::1 Returned 301 in 0 ms
 HTTP  7/30/2025 11:56:46 AM ::1 GET /components/full-width-box
 HTTP  7/30/2025 11:56:46 AM ::1 Returned 304 in 2 ms
 HTTP  7/30/2025 11:56:46 AM ::1 HEAD /images/Little%20Ian.jpg
 HTTP  7/30/2025 11:56:46 AM ::1 Returned 200 in 0 ms
 HTTP  7/30/2025 11:56:46 AM ::1 GET /images/TurnedHeadshot.png
 HTTP  7/30/2025 11:56:46 AM ::1 Returned 304 in 1 ms
 HTTP  7/30/2025 11:56:46 AM ::1 GET /components/full-width-box-alt.html
 HTTP  7/30/2025 11:56:46 AM ::1 Returned 301 in 0 ms
 HTTP  7/30/2025 11:56:46 AM ::1 GET /components/full-width-box-alt
 HTTP  7/30/2025 11:56:46 AM ::1 Returned 304 in 0 ms
 HTTP  7/30/2025 11:56:46 AM ::1 GET /components/full-width-box.html
 HTTP  7/30/2025 11:56:46 AM ::1 Returned 301 in 0 ms
 HTTP  7/30/2025 11:56:46 AM ::1 GET /components/full-width-box
 HTTP  7/30/2025 11:56:46 AM ::1 Returned 304 in 0 ms
 HTTP  7/30/2025 11:56:46 AM ::1 GET /images/Biography.jpg
 HTTP  7/30/2025 11:56:46 AM ::1 Returned 304 in 1 ms
 HTTP  7/30/2025 11:56:47 AM ::1 GET /components/full-width-box.html
 HTTP  7/30/2025 11:56:47 AM ::1 Returned 301 in 0 ms
 HTTP  7/30/2025 11:56:47 AM ::1 GET /components/full-width-box
 HTTP  7/30/2025 11:56:47 AM ::1 Returned 304 in 1 ms
 HTTP  7/30/2025 11:56:47 AM ::1 HEAD /images/DoubtCover.jpg
 HTTP  7/30/2025 11:56:47 AM ::1 Returned 304 in 0 ms
 HTTP  7/30/2025 11:56:47 AM ::1 GET /components/full-width-box-alt.html
 HTTP  7/30/2025 11:56:47 AM ::1 Returned 301 in 0 ms
 HTTP  7/30/2025 11:56:47 AM ::1 GET /components/full-width-box-alt
 HTTP  7/30/2025 11:56:47 AM ::1 Returned 304 in 1 ms
 HTTP  7/30/2025 11:56:47 AM ::1 HEAD /images/HobbiesCover.jpg
 HTTP  7/30/2025 11:56:47 AM ::1 Returned 404 in 0 ms
 HTTP  7/30/2025 11:56:47 AM ::1 HEAD /images/HobbiesCover.png
 HTTP  7/30/2025 11:56:47 AM ::1 Returned 304 in 1 ms
 HTTP  7/30/2025 11:56:47 AM ::1 GET /components/full-width-box.html
 HTTP  7/30/2025 11:56:47 AM ::1 Returned 301 in 0 ms
 HTTP  7/30/2025 11:56:47 AM ::1 GET /components/full-width-box
 HTTP  7/30/2025 11:56:47 AM ::1 Returned 304 in 1 ms
 HTTP  7/30/2025 11:56:47 AM ::1 HEAD /images/PortoSunset.jpg
 HTTP  7/30/2025 11:56:47 AM ::1 Returned 304 in 1 ms
 HTTP  7/30/2025 11:56:47 AM ::1 GET /components/full-width-box-alt.html
 HTTP  7/30/2025 11:56:47 AM ::1 Returned 301 in 0 ms
 HTTP  7/30/2025 11:56:47 AM ::1 GET /components/full-width-box-alt
 HTTP  7/30/2025 11:56:47 AM ::1 Returned 304 in 0 ms
 HTTP  7/30/2025 11:56:48 AM ::1 GET /components/full-width-box.html
 HTTP  7/30/2025 11:56:48 AM ::1 Returned 301 in 0 ms
 HTTP  7/30/2025 11:56:48 AM ::1 GET /components/full-width-box
 HTTP  7/30/2025 11:56:48 AM ::1 Returned 304 in 1 ms
 HTTP  7/30/2025 11:56:51 AM ::1 HEAD /images/TurnedHeadshot.jpg
 HTTP  7/30/2025 11:56:51 AM ::1 Returned 404 in 2 ms
 HTTP  7/30/2025 11:56:51 AM ::1 HEAD /images/TurnedHeadshot.png
 HTTP  7/30/2025 11:56:51 AM ::1 Returned 304 in 0 ms
 HTTP  7/30/2025 11:56:51 AM ::1 GET /components/full-width-box.html
 HTTP  7/30/2025 11:56:51 AM ::1 Returned 301 in 0 ms
 HTTP  7/30/2025 11:56:51 AM ::1 GET /components/full-width-box
 HTTP  7/30/2025 11:56:51 AM ::1 Returned 304 in 0 ms
 HTTP  7/30/2025 11:56:51 AM ::1 HEAD /images/Little%20Ian.jpg
 HTTP  7/30/2025 11:56:51 AM ::1 Returned 304 in 1 ms
 HTTP  7/30/2025 11:56:51 AM ::1 GET /components/full-width-box-alt.html
 HTTP  7/30/2025 11:56:51 AM ::1 Returned 301 in 1 ms
 HTTP  7/30/2025 11:56:51 AM ::1 GET /components/full-width-box-alt
 HTTP  7/30/2025 11:56:51 AM ::1 Returned 304 in 1 ms
 HTTP  7/30/2025 11:56:51 AM ::1 GET /components/full-width-box.html
 HTTP  7/30/2025 11:56:51 AM ::1 Returned 301 in 1 ms
 HTTP  7/30/2025 11:56:51 AM ::1 GET /components/full-width-box
 HTTP  7/30/2025 11:56:51 AM ::1 Returned 304 in 0 ms
 HTTP  7/30/2025 11:57:09 AM ::1 GET /components/full-width-box.html
 HTTP  7/30/2025 11:57:09 AM ::1 Returned 301 in 1 ms
 HTTP  7/30/2025 11:57:09 AM ::1 GET /components/full-width-box
 HTTP  7/30/2025 11:57:09 AM ::1 Returned 304 in 0 ms
 HTTP  7/30/2025 11:57:10 AM ::1 GET /
 HTTP  7/30/2025 11:57:10 AM ::1 Returned 200 in 0 ms
 HTTP  7/30/2025 11:57:10 AM ::1 GET /style.css
 HTTP  7/30/2025 11:57:10 AM ::1 Returned 304 in 0 ms
 HTTP  7/30/2025 11:57:10 AM ::1 GET /components.js
 HTTP  7/30/2025 11:57:10 AM ::1 Returned 304 in 1 ms
 HTTP  7/30/2025 11:57:10 AM ::1 GET /content.yaml
 HTTP  7/30/2025 11:57:10 AM ::1 Returned 304 in 1 ms
 HTTP  7/30/2025 11:57:10 AM ::1 GET /components/header.html
 HTTP  7/30/2025 11:57:10 AM ::1 Returned 301 in 0 ms
 HTTP  7/30/2025 11:57:10 AM ::1 GET /components/footer.html
 HTTP  7/30/2025 11:57:10 AM ::1 Returned 301 in 1 ms
 HTTP  7/30/2025 11:57:10 AM ::1 HEAD /images/TurnedHeadshot.jpg
 HTTP  7/30/2025 11:57:10 AM ::1 Returned 404 in 1 ms
 HTTP  7/30/2025 11:57:10 AM ::1 HEAD /images/TurnedHeadshot.png
 HTTP  7/30/2025 11:57:10 AM ::1 GET /components/header
 HTTP  7/30/2025 11:57:10 AM ::1 Returned 304 in 1 ms
 HTTP  7/30/2025 11:57:10 AM ::1 GET /components/footer
 HTTP  7/30/2025 11:57:10 AM ::1 Returned 304 in 1 ms
 HTTP  7/30/2025 11:57:10 AM ::1 Returned 304 in 0 ms
 HTTP  7/30/2025 11:57:10 AM ::1 GET /components/full-width-box.html
 HTTP  7/30/2025 11:57:10 AM ::1 Returned 301 in 0 ms
 HTTP  7/30/2025 11:57:10 AM ::1 GET /components/full-width-box
 HTTP  7/30/2025 11:57:10 AM ::1 Returned 304 in 1 ms
 HTTP  7/30/2025 11:57:10 AM ::1 GET /images/TurnedHeadshot.png
 HTTP  7/30/2025 11:57:10 AM ::1 Returned 304 in 1 ms
 HTTP  7/30/2025 11:57:10 AM ::1 HEAD /images/Little%20Ian.jpg
 HTTP  7/30/2025 11:57:10 AM ::1 Returned 304 in 0 ms
 HTTP  7/30/2025 11:57:10 AM ::1 GET /components/full-width-box-alt.html
 HTTP  7/30/2025 11:57:10 AM ::1 Returned 301 in 0 ms
 HTTP  7/30/2025 11:57:10 AM ::1 GET /components/full-width-box-alt
 HTTP  7/30/2025 11:57:10 AM ::1 Returned 304 in 1 ms
 HTTP  7/30/2025 11:57:10 AM ::1 GET /components/full-width-box.html
 HTTP  7/30/2025 11:57:10 AM ::1 Returned 301 in 0 ms
 HTTP  7/30/2025 11:57:10 AM ::1 GET /components/full-width-box
 HTTP  7/30/2025 11:57:10 AM ::1 Returned 304 in 1 ms
 HTTP  7/30/2025 11:57:10 AM ::1 GET /images/Biography.jpg
 HTTP  7/30/2025 11:57:10 AM ::1 Returned 304 in 0 ms
 HTTP  7/30/2025 11:59:32 AM ::1 HEAD /images/TurnedHeadshot.jpg
 HTTP  7/30/2025 11:59:32 AM ::1 Returned 404 in 1 ms
 HTTP  7/30/2025 11:59:32 AM ::1 HEAD /images/TurnedHeadshot.png
 HTTP  7/30/2025 11:59:32 AM ::1 Returned 304 in 0 ms
 HTTP  7/30/2025 11:59:32 AM ::1 GET /components/full-width-box.html
 HTTP  7/30/2025 11:59:32 AM ::1 Returned 301 in 1 ms
 HTTP  7/30/2025 11:59:32 AM ::1 GET /components/full-width-box
 HTTP  7/30/2025 11:59:32 AM ::1 Returned 304 in 1 ms
 HTTP  7/30/2025 11:59:32 AM ::1 HEAD /images/Little%20Ian.jpg
 HTTP  7/30/2025 11:59:32 AM ::1 Returned 304 in 1 ms
 HTTP  7/30/2025 11:59:32 AM ::1 GET /components/full-width-box-alt.html
 HTTP  7/30/2025 11:59:32 AM ::1 Returned 301 in 0 ms
 HTTP  7/30/2025 11:59:32 AM ::1 GET /components/full-width-box-alt
 HTTP  7/30/2025 11:59:32 AM ::1 Returned 304 in 0 ms
 HTTP  7/30/2025 11:59:32 AM ::1 GET /components/full-width-box.html
 HTTP  7/30/2025 11:59:32 AM ::1 Returned 301 in 0 ms
 HTTP  7/30/2025 11:59:32 AM ::1 GET /components/full-width-box
 HTTP  7/30/2025 11:59:32 AM ::1 Returned 304 in 1 ms
 HTTP  7/30/2025 12:03:20 PM ::1 GET /components/full-width-box.html
 HTTP  7/30/2025 12:03:20 PM ::1 Returned 301 in 1 ms
 HTTP  7/30/2025 12:03:20 PM ::1 GET /components/full-width-box
 HTTP  7/30/2025 12:03:20 PM ::1 Returned 304 in 1 ms
 HTTP  7/30/2025 12:03:20 PM ::1 HEAD /images/DoubtCover.jpg
 HTTP  7/30/2025 12:03:20 PM ::1 Returned 304 in 0 ms
 HTTP  7/30/2025 12:03:20 PM ::1 GET /components/full-width-box-alt.html
 HTTP  7/30/2025 12:03:20 PM ::1 Returned 301 in 1 ms
 HTTP  7/30/2025 12:03:20 PM ::1 GET /components/full-width-box-alt
 HTTP  7/30/2025 12:03:20 PM ::1 Returned 304 in 1 ms
 HTTP  7/30/2025 12:03:20 PM ::1 GET /images/DoubtCover.jpg
 HTTP  7/30/2025 12:03:20 PM ::1 Returned 304 in 1 ms
 HTTP  7/30/2025 12:03:20 PM ::1 HEAD /images/HobbiesCover.jpg
 HTTP  7/30/2025 12:03:20 PM ::1 Returned 404 in 1 ms
 HTTP  7/30/2025 12:03:20 PM ::1 HEAD /images/HobbiesCover.png
 HTTP  7/30/2025 12:03:20 PM ::1 Returned 304 in 0 ms
 HTTP  7/30/2025 12:03:20 PM ::1 GET /components/full-width-box.html
 HTTP  7/30/2025 12:03:20 PM ::1 Returned 301 in 0 ms
 HTTP  7/30/2025 12:03:20 PM ::1 GET /components/full-width-box
 HTTP  7/30/2025 12:03:20 PM ::1 Returned 304 in 0 ms
 HTTP  7/30/2025 12:03:20 PM ::1 GET /images/HobbiesCover.png
 HTTP  7/30/2025 12:03:20 PM ::1 HEAD /images/PortoSunset.jpg
 HTTP  7/30/2025 12:03:20 PM ::1 Returned 304 in 1 ms
 HTTP  7/30/2025 12:03:20 PM ::1 Returned 304 in 2 ms
 HTTP  7/30/2025 12:03:20 PM ::1 GET /components/full-width-box-alt.html
 HTTP  7/30/2025 12:03:20 PM ::1 Returned 301 in 0 ms
 HTTP  7/30/2025 12:03:20 PM ::1 GET /components/full-width-box-alt
 HTTP  7/30/2025 12:03:20 PM ::1 Returned 304 in 0 ms
 HTTP  7/30/2025 12:03:20 PM ::1 GET /images/PortoSunset.jpg
 HTTP  7/30/2025 12:03:20 PM ::1 GET /images/Music.jpg
 HTTP  7/30/2025 12:03:20 PM ::1 Returned 304 in 1 ms
 HTTP  7/30/2025 12:03:20 PM ::1 Returned 304 in 0 ms
 HTTP  7/30/2025 12:03:35 PM ::1 HEAD /images/TurnedHeadshot.jpg
 HTTP  7/30/2025 12:03:35 PM ::1 Returned 404 in 1 ms
 HTTP  7/30/2025 12:03:35 PM ::1 HEAD /images/TurnedHeadshot.png
 HTTP  7/30/2025 12:03:35 PM ::1 Returned 304 in 0 ms
 HTTP  7/30/2025 12:03:35 PM ::1 GET /components/full-width-box.html
 HTTP  7/30/2025 12:03:35 PM ::1 Returned 301 in 1 ms
 HTTP  7/30/2025 12:03:35 PM ::1 GET /components/full-width-box
 HTTP  7/30/2025 12:03:35 PM ::1 Returned 304 in 1 ms
 HTTP  7/30/2025 12:03:35 PM ::1 HEAD /images/Little%20Ian.jpg
 HTTP  7/30/2025 12:03:35 PM ::1 Returned 304 in 1 ms
 HTTP  7/30/2025 12:03:35 PM ::1 GET /components/full-width-box-alt.html
 HTTP  7/30/2025 12:03:35 PM ::1 Returned 301 in 0 ms
 HTTP  7/30/2025 12:03:36 PM ::1 GET /components/full-width-box-alt
 HTTP  7/30/2025 12:03:36 PM ::1 Returned 304 in 0 ms
 HTTP  7/30/2025 12:03:36 PM ::1 GET /components/full-width-box.html
 HTTP  7/30/2025 12:03:36 PM ::1 Returned 301 in 0 ms
 HTTP  7/30/2025 12:03:36 PM ::1 GET /components/full-width-box
 HTTP  7/30/2025 12:03:36 PM ::1 Returned 304 in 1 ms
 HTTP  7/30/2025 12:03:55 PM ::1 GET /components/full-width-box.html
 HTTP  7/30/2025 12:03:55 PM ::1 Returned 301 in 0 ms
 HTTP  7/30/2025 12:03:55 PM ::1 GET /components/full-width-box
 HTTP  7/30/2025 12:03:55 PM ::1 Returned 304 in 1 ms
 HTTP  7/30/2025 12:03:55 PM ::1 GET /images/Research.jpg
 HTTP  7/30/2025 12:03:55 PM ::1 Returned 304 in 0 ms
 HTTP  7/30/2025 12:04:00 PM ::1 GET /
 HTTP  7/30/2025 12:04:00 PM ::1 Returned 304 in 2 ms
 HTTP  7/30/2025 12:04:00 PM ::1 GET /style.css
 HTTP  7/30/2025 12:04:00 PM ::1 Returned 304 in 1 ms
 HTTP  7/30/2025 12:04:00 PM ::1 GET /components.js
 HTTP  7/30/2025 12:04:00 PM ::1 Returned 304 in 1 ms
 HTTP  7/30/2025 12:04:00 PM ::1 GET /content.yaml
 HTTP  7/30/2025 12:04:00 PM ::1 Returned 304 in 1 ms
 HTTP  7/30/2025 12:04:00 PM ::1 GET /components/header.html
 HTTP  7/30/2025 12:04:00 PM ::1 Returned 301 in 0 ms
 HTTP  7/30/2025 12:04:00 PM ::1 GET /components/footer.html
 HTTP  7/30/2025 12:04:00 PM ::1 Returned 301 in 0 ms
 HTTP  7/30/2025 12:04:00 PM ::1 HEAD /images/TurnedHeadshot.jpg
 HTTP  7/30/2025 12:04:00 PM ::1 Returned 404 in 0 ms
 HTTP  7/30/2025 12:04:00 PM ::1 HEAD /images/TurnedHeadshot.png
 HTTP  7/30/2025 12:04:00 PM ::1 GET /components/header
 HTTP  7/30/2025 12:04:00 PM ::1 GET /components/footer
 HTTP  7/30/2025 12:04:00 PM ::1 Returned 304 in 1 ms
 HTTP  7/30/2025 12:04:00 PM ::1 Returned 304 in 1 ms
 HTTP  7/30/2025 12:04:00 PM ::1 Returned 304 in 0 ms
 HTTP  7/30/2025 12:04:00 PM ::1 GET /components/full-width-box.html
 HTTP  7/30/2025 12:04:00 PM ::1 Returned 301 in 0 ms
 HTTP  7/30/2025 12:04:00 PM ::1 GET /components/full-width-box
 HTTP  7/30/2025 12:04:00 PM ::1 Returned 304 in 0 ms
 HTTP  7/30/2025 12:04:00 PM ::1 GET /images/TurnedHeadshot.png
 HTTP  7/30/2025 12:04:00 PM ::1 HEAD /images/Little%20Ian.jpg
 HTTP  7/30/2025 12:04:00 PM ::1 Returned 304 in 1 ms
 HTTP  7/30/2025 12:04:00 PM ::1 Returned 304 in 1 ms
 HTTP  7/30/2025 12:04:00 PM ::1 GET /components/full-width-box-alt.html
 HTTP  7/30/2025 12:04:00 PM ::1 Returned 301 in 0 ms
 HTTP  7/30/2025 12:04:00 PM ::1 GET /components/full-width-box-alt
 HTTP  7/30/2025 12:04:00 PM ::1 Returned 304 in 1 ms
 HTTP  7/30/2025 12:04:00 PM ::1 GET /components/full-width-box.html
 HTTP  7/30/2025 12:04:00 PM ::1 Returned 301 in 1 ms
 HTTP  7/30/2025 12:04:00 PM ::1 GET /components/full-width-box
 HTTP  7/30/2025 12:04:00 PM ::1 Returned 304 in 0 ms
 HTTP  7/30/2025 12:04:00 PM ::1 GET /images/Biography.jpg
 HTTP  7/30/2025 12:04:00 PM ::1 Returned 304 in 1 ms
 HTTP  7/30/2025 12:22:03 PM ::1 GET /
 HTTP  7/30/2025 12:22:03 PM ::1 Returned 304 in 2 ms
 HTTP  7/30/2025 12:22:03 PM ::1 GET /style.css
 HTTP  7/30/2025 12:22:03 PM ::1 Returned 304 in 1 ms
 HTTP  7/30/2025 12:22:03 PM ::1 GET /components.js
 HTTP  7/30/2025 12:22:03 PM ::1 Returned 200 in 2 ms
 HTTP  7/30/2025 12:22:03 PM ::1 GET /content.yaml
 HTTP  7/30/2025 12:22:03 PM ::1 Returned 200 in 2 ms
 HTTP  7/30/2025 12:22:03 PM ::1 GET /components/header.html
 HTTP  7/30/2025 12:22:03 PM ::1 Returned 301 in 1 ms
 HTTP  7/30/2025 12:22:03 PM ::1 GET /components/footer.html
 HTTP  7/30/2025 12:22:03 PM ::1 Returned 301 in 1 ms
 HTTP  7/30/2025 12:22:03 PM ::1 HEAD /images/TurnedHeadshot.jpg
 HTTP  7/30/2025 12:22:03 PM ::1 Returned 404 in 1 ms
 HTTP  7/30/2025 12:22:03 PM ::1 HEAD /images/TurnedHeadshot.png
 HTTP  7/30/2025 12:22:03 PM ::1 GET /components/header
 HTTP  7/30/2025 12:22:03 PM ::1 Returned 200 in 1 ms
 HTTP  7/30/2025 12:22:03 PM ::1 Returned 304 in 0 ms
 HTTP  7/30/2025 12:22:03 PM ::1 GET /components/footer
 HTTP  7/30/2025 12:22:03 PM ::1 Returned 304 in 1 ms
 HTTP  7/30/2025 12:22:03 PM ::1 GET /components/full-width-box.html
 HTTP  7/30/2025 12:22:03 PM ::1 Returned 301 in 0 ms
 HTTP  7/30/2025 12:22:03 PM ::1 GET /components/full-width-box
 HTTP  7/30/2025 12:22:03 PM ::1 Returned 200 in 0 ms
 HTTP  7/30/2025 12:22:03 PM ::1 GET /components/full-width-box-alt.html
 HTTP  7/30/2025 12:22:03 PM ::1 Returned 301 in 0 ms
 HTTP  7/30/2025 12:22:03 PM ::1 GET /images/TurnedHeadshot.png
 HTTP  7/30/2025 12:22:03 PM ::1 Returned 304 in 0 ms
 HTTP  7/30/2025 12:22:03 PM ::1 GET /components/full-width-box-alt
 HTTP  7/30/2025 12:22:03 PM ::1 Returned 304 in 1 ms
 HTTP  7/30/2025 12:22:03 PM ::1 GET /images/Biography.jpg
 HTTP  7/30/2025 12:22:03 PM ::1 Returned 304 in 1 ms
 HTTP  7/30/2025 12:22:13 PM ::1 HEAD /images/Little%20Ian.jpg
 HTTP  7/30/2025 12:22:13 PM ::1 Returned 304 in 1 ms
 HTTP  7/30/2025 12:22:13 PM ::1 GET /components/full-width-box.html
 HTTP  7/30/2025 12:22:13 PM ::1 Returned 301 in 0 ms
 HTTP  7/30/2025 12:22:13 PM ::1 GET /components/full-width-box
 HTTP  7/30/2025 12:22:13 PM ::1 Returned 304 in 1 ms
 HTTP  7/30/2025 12:22:16 PM ::1 GET /
 HTTP  7/30/2025 12:22:16 PM ::1 Returned 304 in 0 ms
 HTTP  7/30/2025 12:22:16 PM ::1 GET /style.css
 HTTP  7/30/2025 12:22:16 PM ::1 Returned 304 in 1 ms
 HTTP  7/30/2025 12:22:16 PM ::1 GET /components.js
 HTTP  7/30/2025 12:22:16 PM ::1 Returned 304 in 0 ms
 HTTP  7/30/2025 12:22:16 PM ::1 GET /content.yaml
 HTTP  7/30/2025 12:22:16 PM ::1 Returned 304 in 1 ms
 HTTP  7/30/2025 12:22:16 PM ::1 GET /components/header.html
 HTTP  7/30/2025 12:22:16 PM ::1 Returned 301 in 0 ms
 HTTP  7/30/2025 12:22:16 PM ::1 GET /components/footer.html
 HTTP  7/30/2025 12:22:16 PM ::1 Returned 301 in 0 ms
 HTTP  7/30/2025 12:22:16 PM ::1 HEAD /images/TurnedHeadshot.jpg
 HTTP  7/30/2025 12:22:16 PM ::1 Returned 404 in 1 ms
 HTTP  7/30/2025 12:22:16 PM ::1 HEAD /images/TurnedHeadshot.png
 HTTP  7/30/2025 12:22:16 PM ::1 Returned 304 in 1 ms
 HTTP  7/30/2025 12:22:16 PM ::1 GET /components/header
 HTTP  7/30/2025 12:22:16 PM ::1 GET /components/footer
 HTTP  7/30/2025 12:22:16 PM ::1 Returned 304 in 1 ms
 HTTP  7/30/2025 12:22:16 PM ::1 Returned 304 in 1 ms
 HTTP  7/30/2025 12:22:16 PM ::1 GET /components/full-width-box.html
 HTTP  7/30/2025 12:22:16 PM ::1 Returned 301 in 1 ms
 HTTP  7/30/2025 12:22:16 PM ::1 GET /components/full-width-box
 HTTP  7/30/2025 12:22:16 PM ::1 Returned 304 in 1 ms
 HTTP  7/30/2025 12:22:16 PM ::1 GET /images/TurnedHeadshot.png
 HTTP  7/30/2025 12:22:16 PM ::1 GET /components/full-width-box-alt.html
 HTTP  7/30/2025 12:22:16 PM ::1 Returned 301 in 1 ms
 HTTP  7/30/2025 12:22:16 PM ::1 Returned 304 in 1 ms
 HTTP  7/30/2025 12:22:16 PM ::1 GET /components/full-width-box-alt
 HTTP  7/30/2025 12:22:16 PM ::1 Returned 304 in 1 ms
 HTTP  7/30/2025 12:22:16 PM ::1 GET /images/Biography.jpg
 HTTP  7/30/2025 12:22:16 PM ::1 Returned 304 in 0 ms
 HTTP  7/30/2025 12:22:26 PM ::1 GET /
 HTTP  7/30/2025 12:22:26 PM ::1 Returned 304 in 1 ms
 HTTP  7/30/2025 12:22:26 PM ::1 GET /style.css
 HTTP  7/30/2025 12:22:26 PM ::1 Returned 304 in 0 ms
 HTTP  7/30/2025 12:22:26 PM ::1 GET /components.js
 HTTP  7/30/2025 12:22:26 PM ::1 Returned 304 in 0 ms
 HTTP  7/30/2025 12:22:26 PM ::1 GET /content.yaml
 HTTP  7/30/2025 12:22:26 PM ::1 Returned 304 in 1 ms
 HTTP  7/30/2025 12:22:26 PM ::1 GET /components/header.html
 HTTP  7/30/2025 12:22:26 PM ::1 Returned 301 in 0 ms
 HTTP  7/30/2025 12:22:26 PM ::1 HEAD /images/TurnedHeadshot.jpg
 HTTP  7/30/2025 12:22:26 PM ::1 Returned 404 in 1 ms
 HTTP  7/30/2025 12:22:26 PM ::1 GET /components/footer.html
 HTTP  7/30/2025 12:22:26 PM ::1 Returned 301 in 1 ms
 HTTP  7/30/2025 12:22:26 PM ::1 HEAD /images/TurnedHeadshot.png
 HTTP  7/30/2025 12:22:26 PM ::1 GET /components/header
 HTTP  7/30/2025 12:22:26 PM ::1 GET /components/footer
 HTTP  7/30/2025 12:22:26 PM ::1 Returned 304 in 1 ms
 HTTP  7/30/2025 12:22:26 PM ::1 Returned 304 in 1 ms
 HTTP  7/30/2025 12:22:26 PM ::1 Returned 304 in 1 ms
 HTTP  7/30/2025 12:22:26 PM ::1 GET /components/full-width-box.html
 HTTP  7/30/2025 12:22:26 PM ::1 Returned 301 in 1 ms
 HTTP  7/30/2025 12:22:26 PM ::1 GET /components/full-width-box
 HTTP  7/30/2025 12:22:26 PM ::1 Returned 304 in 2 ms
 HTTP  7/30/2025 12:22:26 PM ::1 GET /images/TurnedHeadshot.png
 HTTP  7/30/2025 12:22:26 PM ::1 GET /components/full-width-box-alt.html
 HTTP  7/30/2025 12:22:26 PM ::1 Returned 301 in 1 ms
 HTTP  7/30/2025 12:22:26 PM ::1 Returned 304 in 1 ms
 HTTP  7/30/2025 12:22:26 PM ::1 GET /components/full-width-box-alt
 HTTP  7/30/2025 12:22:26 PM ::1 Returned 304 in 0 ms
 HTTP  7/30/2025 12:22:26 PM ::1 GET /images/Biography.jpg
 HTTP  7/30/2025 12:22:26 PM ::1 Returned 304 in 0 ms
 HTTP  7/30/2025 12:22:28 PM ::1 HEAD /images/Little%20Ian.jpg
 HTTP  7/30/2025 12:22:28 PM ::1 Returned 304 in 2 ms
 HTTP  7/30/2025 12:22:28 PM ::1 GET /components/full-width-box.html
 HTTP  7/30/2025 12:22:28 PM ::1 Returned 301 in 0 ms
 HTTP  7/30/2025 12:22:28 PM ::1 GET /components/full-width-box
 HTTP  7/30/2025 12:22:28 PM ::1 Returned 304 in 1 ms
 HTTP  7/30/2025 12:22:30 PM ::1 GET /components/full-width-box.html
 HTTP  7/30/2025 12:22:30 PM ::1 Returned 301 in 1 ms
 HTTP  7/30/2025 12:22:30 PM ::1 GET /components/full-width-box
 HTTP  7/30/2025 12:22:30 PM ::1 Returned 304 in 1 ms
 HTTP  7/30/2025 12:22:30 PM ::1 GET /images/Research.jpg
 HTTP  7/30/2025 12:22:30 PM ::1 Returned 304 in 0 ms
 HTTP  7/30/2025 12:22:31 PM ::1 GET /components/full-width-box.html
 HTTP  7/30/2025 12:22:31 PM ::1 Returned 301 in 0 ms
 HTTP  7/30/2025 12:22:31 PM ::1 GET /components/full-width-box
 HTTP  7/30/2025 12:22:31 PM ::1 Returned 304 in 1 ms
 HTTP  7/30/2025 12:22:31 PM ::1 HEAD /images/DoubtCover.jpg
 HTTP  7/30/2025 12:22:31 PM ::1 Returned 200 in 0 ms
 HTTP  7/30/2025 12:22:31 PM ::1 GET /components/full-width-box-alt.html
 HTTP  7/30/2025 12:22:31 PM ::1 Returned 301 in 0 ms
 HTTP  7/30/2025 12:22:31 PM ::1 GET /components/full-width-box-alt
 HTTP  7/30/2025 12:22:31 PM ::1 Returned 304 in 1 ms
 HTTP  7/30/2025 12:22:31 PM ::1 GET /images/DoubtCover.jpg
 HTTP  7/30/2025 12:22:31 PM ::1 HEAD /images/HobbiesCover.jpg
 HTTP  7/30/2025 12:22:31 PM ::1 Returned 304 in 1 ms
 HTTP  7/30/2025 12:22:31 PM ::1 Returned 404 in 2 ms
 HTTP  7/30/2025 12:22:31 PM ::1 HEAD /images/HobbiesCover.png
 HTTP  7/30/2025 12:22:31 PM ::1 Returned 200 in 1 ms
 HTTP  7/30/2025 12:22:31 PM ::1 GET /components/full-width-box.html
 HTTP  7/30/2025 12:22:31 PM ::1 Returned 301 in 0 ms
 HTTP  7/30/2025 12:22:31 PM ::1 GET /components/full-width-box
 HTTP  7/30/2025 12:22:31 PM ::1 Returned 304 in 0 ms
 HTTP  7/30/2025 12:22:31 PM ::1 HEAD /images/PortoSunset.jpg
 HTTP  7/30/2025 12:22:31 PM ::1 GET /images/HobbiesCover.png
 HTTP  7/30/2025 12:22:31 PM ::1 Returned 200 in 1 ms
 HTTP  7/30/2025 12:22:31 PM ::1 Returned 304 in 0 ms
 HTTP  7/30/2025 12:22:31 PM ::1 GET /components/full-width-box-alt.html
 HTTP  7/30/2025 12:22:31 PM ::1 Returned 301 in 1 ms
 HTTP  7/30/2025 12:22:31 PM ::1 GET /components/full-width-box-alt
 HTTP  7/30/2025 12:22:31 PM ::1 Returned 304 in 1 ms
 HTTP  7/30/2025 12:22:31 PM ::1 GET /images/PortoSunset.jpg
 HTTP  7/30/2025 12:22:31 PM ::1 Returned 304 in 0 ms
 HTTP  7/30/2025 12:22:31 PM ::1 GET /images/Music.jpg
 HTTP  7/30/2025 12:22:31 PM ::1 Returned 304 in 1 ms
 HTTP  7/30/2025 12:22:32 PM ::1 HEAD /images/Cocktail.jpg
 HTTP  7/30/2025 12:22:32 PM ::1 Returned 200 in 5 ms
 HTTP  7/30/2025 12:22:32 PM ::1 GET /components/full-width-box.html
 HTTP  7/30/2025 12:22:32 PM ::1 Returned 301 in 0 ms
 HTTP  7/30/2025 12:22:32 PM ::1 GET /components/full-width-box
 HTTP  7/30/2025 12:22:32 PM ::1 Returned 304 in 0 ms
 HTTP  7/30/2025 12:22:32 PM ::1 GET /images/Cocktail.jpg
 HTTP  7/30/2025 12:22:32 PM ::1 Returned 200 in 0 ms
 HTTP  7/30/2025 12:22:32 PM ::1 GET /images/Projects.jpg
 HTTP  7/30/2025 12:22:32 PM ::1 Returned 304 in 2 ms
 HTTP  7/30/2025 12:22:46 PM ::1 GET /
 HTTP  7/30/2025 12:22:46 PM ::1 Returned 304 in 0 ms
 HTTP  7/30/2025 12:22:46 PM ::1 GET /style.css
 HTTP  7/30/2025 12:22:46 PM ::1 Returned 304 in 1 ms
 HTTP  7/30/2025 12:22:46 PM ::1 GET /components.js
 HTTP  7/30/2025 12:22:46 PM ::1 Returned 304 in 1 ms
 HTTP  7/30/2025 12:22:46 PM ::1 GET /content.yaml
 HTTP  7/30/2025 12:22:46 PM ::1 Returned 304 in 1 ms
 HTTP  7/30/2025 12:22:46 PM ::1 GET /components/header.html
 HTTP  7/30/2025 12:22:46 PM ::1 Returned 301 in 1 ms
 HTTP  7/30/2025 12:22:46 PM ::1 GET /components/footer.html
 HTTP  7/30/2025 12:22:46 PM ::1 Returned 301 in 0 ms
 HTTP  7/30/2025 12:22:46 PM ::1 HEAD /images/TurnedHeadshot.jpg
 HTTP  7/30/2025 12:22:46 PM ::1 Returned 404 in 1 ms
 HTTP  7/30/2025 12:22:46 PM ::1 HEAD /images/TurnedHeadshot.png
 HTTP  7/30/2025 12:22:46 PM ::1 Returned 304 in 1 ms
 HTTP  7/30/2025 12:22:46 PM ::1 GET /components/header
 HTTP  7/30/2025 12:22:46 PM ::1 GET /components/footer
 HTTP  7/30/2025 12:22:46 PM ::1 Returned 304 in 0 ms
 HTTP  7/30/2025 12:22:46 PM ::1 Returned 304 in 1 ms
 HTTP  7/30/2025 12:22:46 PM ::1 GET /components/full-width-box.html
 HTTP  7/30/2025 12:22:46 PM ::1 Returned 301 in 0 ms
 HTTP  7/30/2025 12:22:46 PM ::1 GET /components/full-width-box
 HTTP  7/30/2025 12:22:46 PM ::1 Returned 304 in 1 ms
 HTTP  7/30/2025 12:22:46 PM ::1 GET /images/TurnedHeadshot.png
 HTTP  7/30/2025 12:22:46 PM ::1 GET /components/full-width-box-alt.html
 HTTP  7/30/2025 12:22:46 PM ::1 Returned 301 in 1 ms
 HTTP  7/30/2025 12:22:46 PM ::1 Returned 304 in 1 ms
 HTTP  7/30/2025 12:22:46 PM ::1 GET /components/full-width-box-alt
 HTTP  7/30/2025 12:22:46 PM ::1 Returned 304 in 1 ms
 HTTP  7/30/2025 12:22:46 PM ::1 GET /images/Biography.jpg
 HTTP  7/30/2025 12:22:46 PM ::1 Returned 304 in 1 ms
 HTTP  7/30/2025 12:22:56 PM ::1 HEAD /images/Little%20Ian.jpg
 HTTP  7/30/2025 12:22:56 PM ::1 Returned 304 in 1 ms
 HTTP  7/30/2025 12:22:56 PM ::1 GET /components/full-width-box.html
 HTTP  7/30/2025 12:22:56 PM ::1 Returned 301 in 1 ms
 HTTP  7/30/2025 12:22:56 PM ::1 GET /components/full-width-box
 HTTP  7/30/2025 12:22:56 PM ::1 Returned 304 in 1 ms
 HTTP  7/30/2025 12:22:59 PM ::1 GET /
 HTTP  7/30/2025 12:22:59 PM ::1 Returned 304 in 1 ms
 HTTP  7/30/2025 12:22:59 PM ::1 GET /style.css
 HTTP  7/30/2025 12:22:59 PM ::1 Returned 304 in 0 ms
 HTTP  7/30/2025 12:22:59 PM ::1 GET /components.js
 HTTP  7/30/2025 12:22:59 PM ::1 Returned 304 in 0 ms
 HTTP  7/30/2025 12:22:59 PM ::1 GET /content.yaml
 HTTP  7/30/2025 12:22:59 PM ::1 Returned 304 in 1 ms
 HTTP  7/30/2025 12:22:59 PM ::1 GET /components/header.html
 HTTP  7/30/2025 12:22:59 PM ::1 Returned 301 in 1 ms
 HTTP  7/30/2025 12:22:59 PM ::1 GET /components/footer.html
 HTTP  7/30/2025 12:22:59 PM ::1 Returned 301 in 0 ms
 HTTP  7/30/2025 12:22:59 PM ::1 HEAD /images/TurnedHeadshot.jpg
 HTTP  7/30/2025 12:22:59 PM ::1 Returned 404 in 1 ms
 HTTP  7/30/2025 12:22:59 PM ::1 GET /components/header
 HTTP  7/30/2025 12:22:59 PM ::1 Returned 304 in 1 ms
 HTTP  7/30/2025 12:22:59 PM ::1 HEAD /images/TurnedHeadshot.png
 HTTP  7/30/2025 12:22:59 PM ::1 GET /components/footer
 HTTP  7/30/2025 12:22:59 PM ::1 Returned 304 in 1 ms
 HTTP  7/30/2025 12:22:59 PM ::1 Returned 304 in 1 ms
 HTTP  7/30/2025 12:22:59 PM ::1 GET /components/full-width-box.html
 HTTP  7/30/2025 12:22:59 PM ::1 Returned 301 in 1 ms
 HTTP  7/30/2025 12:22:59 PM ::1 GET /components/full-width-box
 HTTP  7/30/2025 12:22:59 PM ::1 Returned 304 in 1 ms
 HTTP  7/30/2025 12:22:59 PM ::1 GET /images/TurnedHeadshot.png
 HTTP  7/30/2025 12:22:59 PM ::1 GET /components/full-width-box-alt.html
 HTTP  7/30/2025 12:22:59 PM ::1 Returned 301 in 0 ms
 HTTP  7/30/2025 12:22:59 PM ::1 Returned 304 in 1 ms
 HTTP  7/30/2025 12:22:59 PM ::1 GET /components/full-width-box-alt
 HTTP  7/30/2025 12:22:59 PM ::1 Returned 304 in 1 ms
 HTTP  7/30/2025 12:22:59 PM ::1 GET /images/Biography.jpg
 HTTP  7/30/2025 12:22:59 PM ::1 Returned 304 in 0 ms
 HTTP  7/30/2025 12:24:03 PM ::1 GET /components/full-width-box.html
 HTTP  7/30/2025 12:24:03 PM ::1 Returned 301 in 0 ms
 HTTP  7/30/2025 12:24:03 PM ::1 GET /components/full-width-box
 HTTP  7/30/2025 12:24:03 PM ::1 Returned 304 in 1 ms
 HTTP  7/30/2025 12:24:03 PM ::1 HEAD /images/DoubtCover.jpg
 HTTP  7/30/2025 12:24:03 PM ::1 Returned 304 in 1 ms
 HTTP  7/30/2025 12:24:03 PM ::1 GET /components/full-width-box-alt.html
 HTTP  7/30/2025 12:24:03 PM ::1 Returned 301 in 0 ms
 HTTP  7/30/2025 12:24:03 PM ::1 GET /components/full-width-box-alt
 HTTP  7/30/2025 12:24:03 PM ::1 Returned 304 in 2 ms
 HTTP  7/30/2025 12:24:03 PM ::1 GET /images/DoubtCover.jpg
 HTTP  7/30/2025 12:24:03 PM ::1 Returned 304 in 1 ms
 HTTP  7/30/2025 12:24:03 PM ::1 HEAD /images/HobbiesCover.jpg
 HTTP  7/30/2025 12:24:03 PM ::1 Returned 404 in 2 ms
 HTTP  7/30/2025 12:24:03 PM ::1 HEAD /images/HobbiesCover.png
 HTTP  7/30/2025 12:24:03 PM ::1 Returned 304 in 0 ms
 HTTP  7/30/2025 12:24:03 PM ::1 GET /components/full-width-box.html
 HTTP  7/30/2025 12:24:03 PM ::1 Returned 301 in 0 ms
 HTTP  7/30/2025 12:24:03 PM ::1 GET /components/full-width-box
 HTTP  7/30/2025 12:24:03 PM ::1 Returned 304 in 0 ms
 HTTP  7/30/2025 12:24:03 PM ::1 GET /images/HobbiesCover.png
 HTTP  7/30/2025 12:24:03 PM ::1 Returned 304 in 1 ms
 HTTP  7/30/2025 12:24:03 PM ::1 HEAD /images/PortoSunset.jpg
 HTTP  7/30/2025 12:24:03 PM ::1 Returned 304 in 0 ms
 HTTP  7/30/2025 12:24:03 PM ::1 GET /components/full-width-box-alt.html
 HTTP  7/30/2025 12:24:03 PM ::1 Returned 301 in 0 ms
 HTTP  7/30/2025 12:24:03 PM ::1 GET /components/full-width-box-alt
 HTTP  7/30/2025 12:24:03 PM ::1 Returned 304 in 1 ms
 HTTP  7/30/2025 12:24:03 PM ::1 GET /images/PortoSunset.jpg
 HTTP  7/30/2025 12:24:03 PM ::1 Returned 304 in 0 ms
 HTTP  7/30/2025 12:24:03 PM ::1 GET /images/Music.jpg
 HTTP  7/30/2025 12:24:03 PM ::1 Returned 304 in 0 ms
 HTTP  7/30/2025 12:24:25 PM ::1 HEAD /images/Cocktail.jpg
 HTTP  7/30/2025 12:24:25 PM ::1 Returned 304 in 1 ms
 HTTP  7/30/2025 12:24:25 PM ::1 GET /components/full-width-box.html
 HTTP  7/30/2025 12:24:25 PM ::1 Returned 301 in 0 ms
 HTTP  7/30/2025 12:24:25 PM ::1 GET /components/full-width-box
 HTTP  7/30/2025 12:24:25 PM ::1 Returned 304 in 1 ms
 HTTP  7/30/2025 12:24:25 PM ::1 GET /images/Cocktail.jpg
 HTTP  7/30/2025 12:24:25 PM ::1 Returned 304 in 1 ms
 HTTP  7/30/2025 12:24:25 PM ::1 GET /images/Projects.jpg
 HTTP  7/30/2025 12:24:25 PM ::1 Returned 304 in 1 ms
 HTTP  7/30/2025 12:25:41 PM ::1 GET /
 HTTP  7/30/2025 12:25:41 PM ::1 Returned 304 in 1 ms
 HTTP  7/30/2025 12:25:41 PM ::1 GET /style.css
 HTTP  7/30/2025 12:25:41 PM ::1 Returned 304 in 1 ms
 HTTP  7/30/2025 12:25:41 PM ::1 GET /components.js
 HTTP  7/30/2025 12:25:41 PM ::1 Returned 200 in 3 ms
 HTTP  7/30/2025 12:25:41 PM ::1 GET /content.yaml
 HTTP  7/30/2025 12:25:41 PM ::1 Returned 304 in 1 ms
 HTTP  7/30/2025 12:25:41 PM ::1 GET /components/header.html
 HTTP  7/30/2025 12:25:41 PM ::1 Returned 301 in 1 ms
 HTTP  7/30/2025 12:25:41 PM ::1 GET /components/footer.html
 HTTP  7/30/2025 12:25:41 PM ::1 Returned 301 in 0 ms
 HTTP  7/30/2025 12:25:41 PM ::1 HEAD /images/TurnedHeadshot.jpg
 HTTP  7/30/2025 12:25:41 PM ::1 Returned 404 in 1 ms
 HTTP  7/30/2025 12:25:41 PM ::1 HEAD /images/TurnedHeadshot.png
 HTTP  7/30/2025 12:25:41 PM ::1 GET /components/header
 HTTP  7/30/2025 12:25:41 PM ::1 GET /components/footer
 HTTP  7/30/2025 12:25:41 PM ::1 Returned 304 in 1 ms
 HTTP  7/30/2025 12:25:41 PM ::1 Returned 304 in 0 ms
 HTTP  7/30/2025 12:25:41 PM ::1 Returned 304 in 1 ms
 HTTP  7/30/2025 12:25:41 PM ::1 GET /components/full-width-box.html
 HTTP  7/30/2025 12:25:41 PM ::1 Returned 301 in 0 ms
 HTTP  7/30/2025 12:25:41 PM ::1 GET /components/full-width-box
 HTTP  7/30/2025 12:25:41 PM ::1 Returned 304 in 1 ms
 HTTP  7/30/2025 12:25:41 PM ::1 GET /images/TurnedHeadshot.png
 HTTP  7/30/2025 12:25:41 PM ::1 GET /components/full-width-box-alt.html
 HTTP  7/30/2025 12:25:41 PM ::1 Returned 301 in 0 ms
 HTTP  7/30/2025 12:25:41 PM ::1 Returned 304 in 1 ms
 HTTP  7/30/2025 12:25:41 PM ::1 GET /components/full-width-box-alt
 HTTP  7/30/2025 12:25:41 PM ::1 Returned 304 in 0 ms
 HTTP  7/30/2025 12:25:41 PM ::1 GET /images/Home.jpg
 HTTP  7/30/2025 12:25:41 PM ::1 Returned 200 in 8 ms
 HTTP  7/30/2025 12:26:00 PM ::1 GET /components/full-width-box.html
 HTTP  7/30/2025 12:26:00 PM ::1 Returned 301 in 0 ms
 HTTP  7/30/2025 12:26:00 PM ::1 GET /components/full-width-box
 HTTP  7/30/2025 12:26:00 PM ::1 Returned 304 in 0 ms
 HTTP  7/30/2025 12:26:00 PM ::1 GET /images/Research.jpg
 HTTP  7/30/2025 12:26:00 PM ::1 Returned 304 in 1 ms
 HTTP  7/30/2025 12:26:02 PM ::1 GET /components/full-width-box.html
 HTTP  7/30/2025 12:26:02 PM ::1 Returned 301 in 1 ms
 HTTP  7/30/2025 12:26:02 PM ::1 GET /components/full-width-box
 HTTP  7/30/2025 12:26:02 PM ::1 Returned 304 in 0 ms
 HTTP  7/30/2025 12:26:02 PM ::1 HEAD /images/DoubtCover.jpg
 HTTP  7/30/2025 12:26:02 PM ::1 Returned 304 in 1 ms
 HTTP  7/30/2025 12:26:02 PM ::1 GET /components/full-width-box-alt.html
 HTTP  7/30/2025 12:26:02 PM ::1 Returned 301 in 1 ms
 HTTP  7/30/2025 12:26:02 PM ::1 GET /components/full-width-box-alt
 HTTP  7/30/2025 12:26:02 PM ::1 Returned 304 in 1 ms
 HTTP  7/30/2025 12:26:02 PM ::1 GET /images/DoubtCover.jpg
 HTTP  7/30/2025 12:26:02 PM ::1 Returned 304 in 0 ms
 HTTP  7/30/2025 12:26:02 PM ::1 HEAD /images/HobbiesCover.jpg
 HTTP  7/30/2025 12:26:02 PM ::1 Returned 404 in 1 ms
 HTTP  7/30/2025 12:26:02 PM ::1 HEAD /images/HobbiesCover.png
 HTTP  7/30/2025 12:26:02 PM ::1 Returned 304 in 0 ms
 HTTP  7/30/2025 12:26:02 PM ::1 GET /components/full-width-box.html
 HTTP  7/30/2025 12:26:02 PM ::1 Returned 301 in 0 ms
 HTTP  7/30/2025 12:26:02 PM ::1 GET /components/full-width-box
 HTTP  7/30/2025 12:26:02 PM ::1 Returned 304 in 1 ms
 HTTP  7/30/2025 12:26:02 PM ::1 GET /images/HobbiesCover.png
 HTTP  7/30/2025 12:26:02 PM ::1 Returned 304 in 0 ms
 HTTP  7/30/2025 12:26:02 PM ::1 HEAD /images/PortoSunset.jpg
 HTTP  7/30/2025 12:26:02 PM ::1 Returned 304 in 1 ms
 HTTP  7/30/2025 12:26:02 PM ::1 GET /components/full-width-box-alt.html
 HTTP  7/30/2025 12:26:02 PM ::1 Returned 301 in 0 ms
 HTTP  7/30/2025 12:26:02 PM ::1 GET /components/full-width-box-alt
 HTTP  7/30/2025 12:26:02 PM ::1 Returned 304 in 0 ms
 HTTP  7/30/2025 12:26:02 PM ::1 GET /images/PortoSunset.jpg
 HTTP  7/30/2025 12:26:02 PM ::1 Returned 304 in 1 ms
 HTTP  7/30/2025 12:26:02 PM ::1 GET /images/Music.jpg
 HTTP  7/30/2025 12:26:02 PM ::1 Returned 304 in 1 ms
 HTTP  7/30/2025 12:26:04 PM ::1 HEAD /images/Little%20Ian.jpg
 HTTP  7/30/2025 12:26:04 PM ::1 Returned 304 in 1 ms
 HTTP  7/30/2025 12:26:04 PM ::1 GET /components/full-width-box.html
 HTTP  7/30/2025 12:26:04 PM ::1 Returned 301 in 0 ms
 HTTP  7/30/2025 12:26:04 PM ::1 GET /components/full-width-box
 HTTP  7/30/2025 12:26:04 PM ::1 Returned 304 in 0 ms
 HTTP  7/30/2025 12:26:04 PM ::1 GET /images/Biography.jpg
 HTTP  7/30/2025 12:26:04 PM ::1 Returned 304 in 1 ms
 HTTP  7/30/2025 12:26:12 PM ::1 HEAD /images/Cocktail.jpg
 HTTP  7/30/2025 12:26:12 PM ::1 Returned 304 in 1 ms
 HTTP  7/30/2025 12:26:12 PM ::1 GET /components/full-width-box.html
 HTTP  7/30/2025 12:26:12 PM ::1 Returned 301 in 0 ms
 HTTP  7/30/2025 12:26:12 PM ::1 GET /components/full-width-box
 HTTP  7/30/2025 12:26:12 PM ::1 Returned 304 in 0 ms
 HTTP  7/30/2025 12:26:12 PM ::1 GET /images/Cocktail.jpg
 HTTP  7/30/2025 12:26:12 PM ::1 Returned 304 in 1 ms
 HTTP  7/30/2025 12:26:12 PM ::1 GET /images/Projects.jpg
 HTTP  7/30/2025 12:26:12 PM ::1 Returned 304 in 1 ms
 HTTP  7/30/2025 12:26:29 PM ::1 GET /projects
 HTTP  7/30/2025 12:26:29 PM ::1 Returned 404 in 1 ms
 HTTP  7/30/2025 12:26:29 PM ::1 GET /style.css
 HTTP  7/30/2025 12:26:29 PM ::1 Returned 304 in 1 ms
 HTTP  7/30/2025 12:26:29 PM ::1 GET /components.js
 HTTP  7/30/2025 12:26:29 PM ::1 Returned 200 in 1 ms
 HTTP  7/30/2025 12:26:29 PM ::1 GET /content.yaml
 HTTP  7/30/2025 12:26:29 PM ::1 Returned 304 in 1 ms
 HTTP  7/30/2025 12:26:29 PM ::1 GET /components/header.html
 HTTP  7/30/2025 12:26:29 PM ::1 Returned 301 in 0 ms
 HTTP  7/30/2025 12:26:29 PM ::1 GET /components/footer.html
 HTTP  7/30/2025 12:26:29 PM ::1 Returned 301 in 0 ms
 HTTP  7/30/2025 12:26:29 PM ::1 HEAD /images/Cocktail.jpg
 HTTP  7/30/2025 12:26:29 PM ::1 Returned 304 in 1 ms
 HTTP  7/30/2025 12:26:29 PM ::1 GET /components/header
 HTTP  7/30/2025 12:26:29 PM ::1 GET /components/footer
 HTTP  7/30/2025 12:26:29 PM ::1 Returned 304 in 1 ms
 HTTP  7/30/2025 12:26:29 PM ::1 Returned 304 in 1 ms
 HTTP  7/30/2025 12:26:29 PM ::1 GET /components/full-width-box.html
 HTTP  7/30/2025 12:26:29 PM ::1 Returned 301 in 0 ms
 HTTP  7/30/2025 12:26:29 PM ::1 GET /components/full-width-box
 HTTP  7/30/2025 12:26:29 PM ::1 Returned 304 in 1 ms
 HTTP  7/30/2025 12:26:29 PM ::1 GET /images/Cocktail.jpg
 HTTP  7/30/2025 12:26:29 PM ::1 Returned 304 in 1 ms
 HTTP  7/30/2025 12:26:29 PM ::1 GET /images/Projects.jpg
 HTTP  7/30/2025 12:26:29 PM ::1 Returned 304 in 1 ms
 HTTP  7/30/2025 12:26:31 PM ::1 HEAD /images/Little%20Ian.jpg
 HTTP  7/30/2025 12:26:31 PM ::1 Returned 304 in 0 ms
 HTTP  7/30/2025 12:26:31 PM ::1 GET /components/full-width-box.html
 HTTP  7/30/2025 12:26:31 PM ::1 Returned 301 in 0 ms
 HTTP  7/30/2025 12:26:31 PM ::1 GET /components/full-width-box
 HTTP  7/30/2025 12:26:31 PM ::1 Returned 304 in 1 ms
 HTTP  7/30/2025 12:26:31 PM ::1 GET /images/Biography.jpg
 HTTP  7/30/2025 12:26:31 PM ::1 Returned 304 in 1 ms
 HTTP  7/30/2025 12:26:33 PM ::1 GET /
 HTTP  7/30/2025 12:26:33 PM ::1 Returned 304 in 1 ms
 HTTP  7/30/2025 12:26:33 PM ::1 GET /style.css
 HTTP  7/30/2025 12:26:33 PM ::1 GET /components.js
 HTTP  7/30/2025 12:26:33 PM ::1 Returned 304 in 0 ms
 HTTP  7/30/2025 12:26:33 PM ::1 Returned 304 in 1 ms
 HTTP  7/30/2025 12:26:33 PM ::1 GET /content.yaml
 HTTP  7/30/2025 12:26:33 PM ::1 Returned 304 in 1 ms
 HTTP  7/30/2025 12:26:33 PM ::1 GET /components/header.html
 HTTP  7/30/2025 12:26:33 PM ::1 Returned 301 in 0 ms
 HTTP  7/30/2025 12:26:33 PM ::1 GET /components/footer.html
 HTTP  7/30/2025 12:26:33 PM ::1 Returned 301 in 1 ms
 HTTP  7/30/2025 12:26:33 PM ::1 HEAD /images/TurnedHeadshot.jpg
 HTTP  7/30/2025 12:26:33 PM ::1 Returned 404 in 0 ms
 HTTP  7/30/2025 12:26:33 PM ::1 HEAD /images/TurnedHeadshot.png
 HTTP  7/30/2025 12:26:33 PM ::1 GET /components/header
 HTTP  7/30/2025 12:26:33 PM ::1 Returned 304 in 1 ms
 HTTP  7/30/2025 12:26:33 PM ::1 GET /components/footer
 HTTP  7/30/2025 12:26:33 PM ::1 Returned 304 in 1 ms
 HTTP  7/30/2025 12:26:33 PM ::1 Returned 304 in 0 ms
 HTTP  7/30/2025 12:26:33 PM ::1 GET /components/full-width-box.html
 HTTP  7/30/2025 12:26:33 PM ::1 Returned 301 in 0 ms
 HTTP  7/30/2025 12:26:33 PM ::1 GET /components/full-width-box
 HTTP  7/30/2025 12:26:33 PM ::1 Returned 304 in 1 ms
 HTTP  7/30/2025 12:26:33 PM ::1 GET /images/TurnedHeadshot.png
 HTTP  7/30/2025 12:26:33 PM ::1 GET /components/full-width-box-alt.html
 HTTP  7/30/2025 12:26:33 PM ::1 Returned 301 in 0 ms
 HTTP  7/30/2025 12:26:33 PM ::1 Returned 304 in 0 ms
 HTTP  7/30/2025 12:26:33 PM ::1 GET /components/full-width-box-alt
 HTTP  7/30/2025 12:26:33 PM ::1 Returned 304 in 0 ms
 HTTP  7/30/2025 12:26:33 PM ::1 GET /images/Home.jpg
 HTTP  7/30/2025 12:26:33 PM ::1 Returned 304 in 0 ms
 HTTP  7/30/2025 12:27:08 PM ::1 HEAD /images/Little%20Ian.jpg
 HTTP  7/30/2025 12:27:08 PM ::1 Returned 304 in 1 ms
 HTTP  7/30/2025 12:27:08 PM ::1 GET /components/full-width-box.html
 HTTP  7/30/2025 12:27:08 PM ::1 Returned 301 in 1 ms
 HTTP  7/30/2025 12:27:08 PM ::1 GET /components/full-width-box
 HTTP  7/30/2025 12:27:08 PM ::1 Returned 304 in 0 ms
 HTTP  7/30/2025 12:27:08 PM ::1 GET /images/Biography.jpg
 HTTP  7/30/2025 12:27:08 PM ::1 Returned 304 in 1 ms
 HTTP  7/30/2025 12:27:12 PM ::1 GET /components/full-width-box.html
 HTTP  7/30/2025 12:27:12 PM ::1 Returned 301 in 1 ms
 HTTP  7/30/2025 12:27:12 PM ::1 GET /components/full-width-box
 HTTP  7/30/2025 12:27:12 PM ::1 Returned 304 in 0 ms
 HTTP  7/30/2025 12:27:12 PM ::1 HEAD /images/DoubtCover.jpg
 HTTP  7/30/2025 12:27:12 PM ::1 Returned 304 in 1 ms
 HTTP  7/30/2025 12:27:12 PM ::1 GET /components/full-width-box-alt.html
 HTTP  7/30/2025 12:27:12 PM ::1 Returned 301 in 0 ms
 HTTP  7/30/2025 12:27:12 PM ::1 GET /components/full-width-box-alt
 HTTP  7/30/2025 12:27:12 PM ::1 Returned 304 in 0 ms
 HTTP  7/30/2025 12:27:12 PM ::1 GET /images/DoubtCover.jpg
 HTTP  7/30/2025 12:27:12 PM ::1 Returned 304 in 1 ms
 HTTP  7/30/2025 12:27:12 PM ::1 HEAD /images/HobbiesCover.jpg
 HTTP  7/30/2025 12:27:12 PM ::1 Returned 404 in 1 ms
 HTTP  7/30/2025 12:27:12 PM ::1 HEAD /images/HobbiesCover.png
 HTTP  7/30/2025 12:27:12 PM ::1 Returned 304 in 0 ms
 HTTP  7/30/2025 12:27:12 PM ::1 GET /components/full-width-box.html
 HTTP  7/30/2025 12:27:12 PM ::1 Returned 301 in 1 ms
 HTTP  7/30/2025 12:27:12 PM ::1 GET /components/full-width-box
 HTTP  7/30/2025 12:27:12 PM ::1 Returned 304 in 0 ms
 HTTP  7/30/2025 12:27:12 PM ::1 GET /images/HobbiesCover.png
 HTTP  7/30/2025 12:27:12 PM ::1 HEAD /images/PortoSunset.jpg
 HTTP  7/30/2025 12:27:12 PM ::1 Returned 304 in 1 ms
 HTTP  7/30/2025 12:27:12 PM ::1 Returned 304 in 0 ms
 HTTP  7/30/2025 12:27:12 PM ::1 GET /components/full-width-box-alt.html
 HTTP  7/30/2025 12:27:12 PM ::1 Returned 301 in 1 ms
 HTTP  7/30/2025 12:27:12 PM ::1 GET /components/full-width-box-alt
 HTTP  7/30/2025 12:27:12 PM ::1 Returned 304 in 0 ms
 HTTP  7/30/2025 12:27:12 PM ::1 GET /images/PortoSunset.jpg
 HTTP  7/30/2025 12:27:12 PM ::1 Returned 304 in 1 ms
 HTTP  7/30/2025 12:27:12 PM ::1 GET /images/Music.jpg
 HTTP  7/30/2025 12:27:12 PM ::1 Returned 304 in 1 ms
 HTTP  7/30/2025 12:27:25 PM ::1 HEAD /images/Little%20Ian.jpg
 HTTP  7/30/2025 12:27:25 PM ::1 Returned 304 in 0 ms
 HTTP  7/30/2025 12:27:25 PM ::1 GET /components/full-width-box.html
 HTTP  7/30/2025 12:27:25 PM ::1 Returned 301 in 1 ms
 HTTP  7/30/2025 12:27:25 PM ::1 GET /components/full-width-box
 HTTP  7/30/2025 12:27:25 PM ::1 Returned 304 in 0 ms
 HTTP  7/30/2025 12:27:51 PM ::1 HEAD /images/Cocktail.jpg
 HTTP  7/30/2025 12:27:51 PM ::1 Returned 304 in 0 ms
 HTTP  7/30/2025 12:27:51 PM ::1 GET /components/full-width-box.html
 HTTP  7/30/2025 12:27:51 PM ::1 Returned 301 in 0 ms
 HTTP  7/30/2025 12:27:51 PM ::1 GET /components/full-width-box
 HTTP  7/30/2025 12:27:51 PM ::1 Returned 304 in 1 ms
 HTTP  7/30/2025 12:27:51 PM ::1 GET /images/Cocktail.jpg
 HTTP  7/30/2025 12:27:51 PM ::1 Returned 304 in 1 ms
 HTTP  7/30/2025 12:27:51 PM ::1 GET /images/Projects.jpg
 HTTP  7/30/2025 12:27:51 PM ::1 Returned 304 in 1 ms
 HTTP  7/30/2025 12:28:15 PM ::1 HEAD /images/Little%20Ian.jpg
 HTTP  7/30/2025 12:28:15 PM ::1 Returned 304 in 1 ms
 HTTP  7/30/2025 12:28:15 PM ::1 GET /components/full-width-box.html
 HTTP  7/30/2025 12:28:15 PM ::1 Returned 301 in 1 ms
 HTTP  7/30/2025 12:28:15 PM ::1 GET /components/full-width-box
 HTTP  7/30/2025 12:28:15 PM ::1 Returned 304 in 1 ms
 HTTP  7/30/2025 12:28:25 PM ::1 GET /
 HTTP  7/30/2025 12:28:25 PM ::1 Returned 304 in 0 ms
 HTTP  7/30/2025 12:28:25 PM ::1 GET /style.css
 HTTP  7/30/2025 12:28:25 PM ::1 Returned 304 in 1 ms
 HTTP  7/30/2025 12:28:25 PM ::1 GET /components.js
 HTTP  7/30/2025 12:28:25 PM ::1 Returned 304 in 1 ms
 HTTP  7/30/2025 12:28:25 PM ::1 GET /content.yaml
 HTTP  7/30/2025 12:28:25 PM ::1 Returned 200 in 1 ms
 HTTP  7/30/2025 12:28:25 PM ::1 GET /components/header.html
 HTTP  7/30/2025 12:28:25 PM ::1 Returned 301 in 1 ms
 HTTP  7/30/2025 12:28:25 PM ::1 GET /components/footer.html
 HTTP  7/30/2025 12:28:25 PM ::1 Returned 301 in 1 ms
 HTTP  7/30/2025 12:28:25 PM ::1 HEAD /images/TurnedHeadshot.jpg
 HTTP  7/30/2025 12:28:25 PM ::1 Returned 404 in 1 ms
 HTTP  7/30/2025 12:28:25 PM ::1 GET /components/header
 HTTP  7/30/2025 12:28:25 PM ::1 GET /components/footer
 HTTP  7/30/2025 12:28:25 PM ::1 Returned 304 in 1 ms
 HTTP  7/30/2025 12:28:25 PM ::1 Returned 304 in 0 ms
 HTTP  7/30/2025 12:28:25 PM ::1 HEAD /images/TurnedHeadshot.png
 HTTP  7/30/2025 12:28:25 PM ::1 Returned 304 in 1 ms
 HTTP  7/30/2025 12:28:25 PM ::1 GET /components/full-width-box.html
 HTTP  7/30/2025 12:28:25 PM ::1 Returned 301 in 0 ms
 HTTP  7/30/2025 12:28:25 PM ::1 GET /components/full-width-box
 HTTP  7/30/2025 12:28:25 PM ::1 Returned 304 in 0 ms
 HTTP  7/30/2025 12:28:25 PM ::1 GET /images/TurnedHeadshot.png
 HTTP  7/30/2025 12:28:25 PM ::1 GET /components/full-width-box-alt.html
 HTTP  7/30/2025 12:28:25 PM ::1 Returned 301 in 0 ms
 HTTP  7/30/2025 12:28:25 PM ::1 Returned 304 in 0 ms
 HTTP  7/30/2025 12:28:25 PM ::1 GET /components/full-width-box-alt
 HTTP  7/30/2025 12:28:25 PM ::1 Returned 304 in 1 ms
 HTTP  7/30/2025 12:28:25 PM ::1 GET /images/Home.jpg
 HTTP  7/30/2025 12:28:25 PM ::1 Returned 304 in 1 ms
 HTTP  7/30/2025 12:28:26 PM ::1 GET /components/full-width-box.html
 HTTP  7/30/2025 12:28:26 PM ::1 Returned 301 in 0 ms
 HTTP  7/30/2025 12:28:26 PM ::1 GET /components/full-width-box
 HTTP  7/30/2025 12:28:26 PM ::1 Returned 304 in 1 ms
 HTTP  7/30/2025 12:28:26 PM ::1 GET /images/Research.jpg
 HTTP  7/30/2025 12:28:26 PM ::1 Returned 304 in 0 ms
 HTTP  7/30/2025 12:28:27 PM ::1 GET /research
 HTTP  7/30/2025 12:28:27 PM ::1 Returned 404 in 1 ms
 HTTP  7/30/2025 12:28:27 PM ::1 GET /style.css
 HTTP  7/30/2025 12:28:27 PM ::1 Returned 304 in 2 ms
 HTTP  7/30/2025 12:28:27 PM ::1 GET /components.js
 HTTP  7/30/2025 12:28:27 PM ::1 Returned 304 in 0 ms
 HTTP  7/30/2025 12:28:27 PM ::1 GET /content.yaml
 HTTP  7/30/2025 12:28:27 PM ::1 Returned 304 in 0 ms
 HTTP  7/30/2025 12:28:27 PM ::1 GET /components/header.html
 HTTP  7/30/2025 12:28:27 PM ::1 Returned 301 in 0 ms
 HTTP  7/30/2025 12:28:27 PM ::1 GET /components/footer.html
 HTTP  7/30/2025 12:28:27 PM ::1 Returned 301 in 1 ms
 HTTP  7/30/2025 12:28:27 PM ::1 GET /components/full-width-box.html
 HTTP  7/30/2025 12:28:27 PM ::1 Returned 301 in 0 ms
 HTTP  7/30/2025 12:28:27 PM ::1 GET /components/header
 HTTP  7/30/2025 12:28:27 PM ::1 Returned 304 in 0 ms
 HTTP  7/30/2025 12:28:27 PM ::1 GET /components/footer
 HTTP  7/30/2025 12:28:27 PM ::1 Returned 304 in 0 ms
 HTTP  7/30/2025 12:28:27 PM ::1 GET /components/full-width-box
 HTTP  7/30/2025 12:28:27 PM ::1 Returned 304 in 0 ms
 HTTP  7/30/2025 12:28:27 PM ::1 GET /images/Research.jpg
 HTTP  7/30/2025 12:28:27 PM ::1 Returned 304 in 1 ms
 HTTP  7/30/2025 12:28:38 PM ::1 GET /
 HTTP  7/30/2025 12:28:38 PM ::1 Returned 304 in 1 ms
 HTTP  7/30/2025 12:28:38 PM ::1 GET /style.css
 HTTP  7/30/2025 12:28:38 PM ::1 Returned 304 in 1 ms
 HTTP  7/30/2025 12:28:38 PM ::1 GET /components.js
 HTTP  7/30/2025 12:28:38 PM ::1 Returned 304 in 1 ms
 HTTP  7/30/2025 12:28:38 PM ::1 GET /content.yaml
 HTTP  7/30/2025 12:28:38 PM ::1 Returned 304 in 0 ms
 HTTP  7/30/2025 12:28:38 PM ::1 GET /components/header.html
 HTTP  7/30/2025 12:28:38 PM ::1 Returned 301 in 1 ms
 HTTP  7/30/2025 12:28:38 PM ::1 GET /components/footer.html
 HTTP  7/30/2025 12:28:38 PM ::1 Returned 301 in 0 ms
 HTTP  7/30/2025 12:28:38 PM ::1 HEAD /images/TurnedHeadshot.jpg
 HTTP  7/30/2025 12:28:38 PM ::1 Returned 404 in 1 ms
 HTTP  7/30/2025 12:28:38 PM ::1 GET /components/header
 HTTP  7/30/2025 12:28:38 PM ::1 GET /components/footer
 HTTP  7/30/2025 12:28:38 PM ::1 Returned 304 in 1 ms
 HTTP  7/30/2025 12:28:38 PM ::1 Returned 304 in 1 ms
 HTTP  7/30/2025 12:28:38 PM ::1 HEAD /images/TurnedHeadshot.png
 HTTP  7/30/2025 12:28:38 PM ::1 Returned 304 in 1 ms
 HTTP  7/30/2025 12:28:38 PM ::1 GET /components/full-width-box.html
 HTTP  7/30/2025 12:28:38 PM ::1 Returned 301 in 0 ms
 HTTP  7/30/2025 12:28:38 PM ::1 GET /components/full-width-box
 HTTP  7/30/2025 12:28:38 PM ::1 Returned 304 in 0 ms
 HTTP  7/30/2025 12:28:38 PM ::1 GET /images/TurnedHeadshot.png
 HTTP  7/30/2025 12:28:38 PM ::1 GET /components/full-width-box-alt.html
 HTTP  7/30/2025 12:28:38 PM ::1 Returned 301 in 1 ms
 HTTP  7/30/2025 12:28:38 PM ::1 Returned 304 in 1 ms
 HTTP  7/30/2025 12:28:38 PM ::1 GET /components/full-width-box-alt
 HTTP  7/30/2025 12:28:38 PM ::1 Returned 304 in 1 ms
 HTTP  7/30/2025 12:28:38 PM ::1 GET /images/Home.jpg
 HTTP  7/30/2025 12:28:38 PM ::1 Returned 304 in 1 ms
 HTTP  7/30/2025 12:29:47 PM ::1 HEAD /images/Cocktail.jpg
 HTTP  7/30/2025 12:29:47 PM ::1 Returned 304 in 0 ms
 HTTP  7/30/2025 12:29:47 PM ::1 GET /components/full-width-box.html
 HTTP  7/30/2025 12:29:47 PM ::1 Returned 301 in 0 ms
 HTTP  7/30/2025 12:29:47 PM ::1 GET /components/full-width-box
 HTTP  7/30/2025 12:29:47 PM ::1 Returned 304 in 0 ms
 HTTP  7/30/2025 12:29:47 PM ::1 GET /images/Cocktail.jpg
 HTTP  7/30/2025 12:29:47 PM ::1 Returned 304 in 0 ms
 HTTP  7/30/2025 12:29:47 PM ::1 GET /images/Projects.jpg
 HTTP  7/30/2025 12:29:47 PM ::1 Returned 304 in 0 ms
 HTTP  7/30/2025 12:30:13 PM ::1 GET /
 HTTP  7/30/2025 12:30:13 PM ::1 Returned 304 in 1 ms
 HTTP  7/30/2025 12:30:13 PM ::1 GET /style.css
 HTTP  7/30/2025 12:30:13 PM ::1 Returned 304 in 1 ms
 HTTP  7/30/2025 12:30:13 PM ::1 GET /components.js
 HTTP  7/30/2025 12:30:13 PM ::1 Returned 304 in 1 ms
 HTTP  7/30/2025 12:30:13 PM ::1 GET /content.yaml
 HTTP  7/30/2025 12:30:13 PM ::1 Returned 304 in 1 ms
 HTTP  7/30/2025 12:30:13 PM ::1 GET /components/header.html
 HTTP  7/30/2025 12:30:13 PM ::1 Returned 301 in 1 ms
 HTTP  7/30/2025 12:30:13 PM ::1 GET /components/footer.html
 HTTP  7/30/2025 12:30:13 PM ::1 Returned 301 in 0 ms
 HTTP  7/30/2025 12:30:13 PM ::1 HEAD /images/TurnedHeadshot.jpg
 HTTP  7/30/2025 12:30:13 PM ::1 Returned 404 in 0 ms
 HTTP  7/30/2025 12:30:13 PM ::1 HEAD /images/TurnedHeadshot.png
 HTTP  7/30/2025 12:30:13 PM ::1 GET /components/header
 HTTP  7/30/2025 12:30:13 PM ::1 GET /components/footer
 HTTP  7/30/2025 12:30:13 PM ::1 Returned 304 in 0 ms
 HTTP  7/30/2025 12:30:13 PM ::1 Returned 304 in 1 ms
 HTTP  7/30/2025 12:30:13 PM ::1 Returned 304 in 1 ms
 HTTP  7/30/2025 12:30:13 PM ::1 GET /components/full-width-box.html
 HTTP  7/30/2025 12:30:13 PM ::1 Returned 301 in 0 ms
 HTTP  7/30/2025 12:30:13 PM ::1 GET /components/full-width-box
 HTTP  7/30/2025 12:30:13 PM ::1 Returned 304 in 0 ms
 HTTP  7/30/2025 12:30:13 PM ::1 GET /images/TurnedHeadshot.png
 HTTP  7/30/2025 12:30:13 PM ::1 GET /components/full-width-box-alt.html
 HTTP  7/30/2025 12:30:13 PM ::1 Returned 301 in 1 ms
 HTTP  7/30/2025 12:30:13 PM ::1 Returned 304 in 1 ms
 HTTP  7/30/2025 12:30:13 PM ::1 GET /components/full-width-box-alt
 HTTP  7/30/2025 12:30:13 PM ::1 Returned 304 in 0 ms
 HTTP  7/30/2025 12:30:13 PM ::1 GET /images/Home.jpg
 HTTP  7/30/2025 12:30:13 PM ::1 Returned 304 in 1 ms
 HTTP  7/30/2025 12:32:19 PM ::1 GET /
 HTTP  7/30/2025 12:32:19 PM ::1 Returned 304 in 1 ms
 HTTP  7/30/2025 12:32:19 PM ::1 GET /style.css
 HTTP  7/30/2025 12:32:19 PM ::1 Returned 304 in 0 ms
 HTTP  7/30/2025 12:32:19 PM ::1 GET /components.js
 HTTP  7/30/2025 12:32:19 PM ::1 Returned 200 in 1 ms
 HTTP  7/30/2025 12:32:19 PM ::1 GET /content.yaml
 HTTP  7/30/2025 12:32:19 PM ::1 Returned 200 in 1 ms
 HTTP  7/30/2025 12:32:19 PM ::1 GET /components/header.html
 HTTP  7/30/2025 12:32:19 PM ::1 Returned 301 in 0 ms
 HTTP  7/30/2025 12:32:19 PM ::1 GET /components/footer.html
 HTTP  7/30/2025 12:32:19 PM ::1 Returned 301 in 0 ms
 HTTP  7/30/2025 12:32:19 PM ::1 HEAD /images/TurnedHeadshot.jpg
 HTTP  7/30/2025 12:32:19 PM ::1 Returned 404 in 1 ms
 HTTP  7/30/2025 12:32:19 PM ::1 HEAD /images/TurnedHeadshot.png
 HTTP  7/30/2025 12:32:19 PM ::1 GET /components/header
 HTTP  7/30/2025 12:32:19 PM ::1 GET /components/footer
 HTTP  7/30/2025 12:32:19 PM ::1 Returned 304 in 1 ms
 HTTP  7/30/2025 12:32:19 PM ::1 Returned 304 in 1 ms
 HTTP  7/30/2025 12:32:19 PM ::1 Returned 304 in 1 ms
 HTTP  7/30/2025 12:32:19 PM ::1 GET /components/full-width-box.html
 HTTP  7/30/2025 12:32:19 PM ::1 Returned 301 in 1 ms
 HTTP  7/30/2025 12:32:19 PM ::1 GET /components/full-width-box
 HTTP  7/30/2025 12:32:19 PM ::1 Returned 304 in 1 ms
 HTTP  7/30/2025 12:32:19 PM ::1 GET /images/TurnedHeadshot.png
 HTTP  7/30/2025 12:32:19 PM ::1 GET /components/full-width-box-alt.html
 HTTP  7/30/2025 12:32:19 PM ::1 Returned 301 in 1 ms
 HTTP  7/30/2025 12:32:19 PM ::1 Returned 304 in 1 ms
 HTTP  7/30/2025 12:32:19 PM ::1 GET /components/full-width-box-alt
 HTTP  7/30/2025 12:32:19 PM ::1 Returned 304 in 1 ms
 HTTP  7/30/2025 12:32:19 PM ::1 GET /images/Home.jpg
 HTTP  7/30/2025 12:32:19 PM ::1 Returned 304 in 1 ms
 HTTP  7/30/2025 12:32:27 PM ::1 HEAD /images/Cocktail.jpg
 HTTP  7/30/2025 12:32:27 PM ::1 Returned 304 in 1 ms
 HTTP  7/30/2025 12:32:27 PM ::1 GET /components/full-width-box.html
 HTTP  7/30/2025 12:32:27 PM ::1 Returned 301 in 0 ms
 HTTP  7/30/2025 12:32:27 PM ::1 GET /components/full-width-box
 HTTP  7/30/2025 12:32:27 PM ::1 Returned 304 in 0 ms
 HTTP  7/30/2025 12:32:27 PM ::1 GET /images/Cocktail.jpg
 HTTP  7/30/2025 12:32:27 PM ::1 Returned 304 in 0 ms
 HTTP  7/30/2025 12:32:27 PM ::1 GET /images/Projects.jpg
 HTTP  7/30/2025 12:32:27 PM ::1 Returned 304 in 1 ms
 HTTP  7/30/2025 12:32:30 PM ::1 HEAD /images/Little%20Ian.jpg
 HTTP  7/30/2025 12:32:30 PM ::1 Returned 304 in 1 ms
 HTTP  7/30/2025 12:32:30 PM ::1 GET /components/full-width-box.html
 HTTP  7/30/2025 12:32:30 PM ::1 Returned 301 in 1 ms
 HTTP  7/30/2025 12:32:30 PM ::1 GET /components/full-width-box
 HTTP  7/30/2025 12:32:30 PM ::1 Returned 304 in 1 ms
 HTTP  7/30/2025 12:32:30 PM ::1 GET /images/Biography.jpg
 HTTP  7/30/2025 12:32:30 PM ::1 Returned 304 in 0 ms
 HTTP  7/30/2025 12:32:38 PM ::1 GET /components/full-width-box.html
 HTTP  7/30/2025 12:32:38 PM ::1 Returned 301 in 0 ms
 HTTP  7/30/2025 12:32:38 PM ::1 GET /components/full-width-box
 HTTP  7/30/2025 12:32:38 PM ::1 Returned 304 in 0 ms
 HTTP  7/30/2025 12:32:38 PM ::1 GET /images/Research.jpg
 HTTP  7/30/2025 12:32:38 PM ::1 Returned 304 in 1 ms
 HTTP  7/30/2025 12:32:42 PM ::1 HEAD /images/Little%20Ian.jpg
 HTTP  7/30/2025 12:32:42 PM ::1 Returned 304 in 1 ms
 HTTP  7/30/2025 12:32:42 PM ::1 GET /components/full-width-box.html
 HTTP  7/30/2025 12:32:42 PM ::1 Returned 301 in 0 ms
 HTTP  7/30/2025 12:32:42 PM ::1 GET /components/full-width-box
 HTTP  7/30/2025 12:32:42 PM ::1 Returned 304 in 0 ms
 HTTP  7/30/2025 12:32:47 PM ::1 HEAD /images/Cocktail.jpg
 HTTP  7/30/2025 12:32:47 PM ::1 Returned 304 in 0 ms
 HTTP  7/30/2025 12:32:47 PM ::1 GET /components/full-width-box.html
 HTTP  7/30/2025 12:32:47 PM ::1 Returned 301 in 1 ms
 HTTP  7/30/2025 12:32:47 PM ::1 GET /components/full-width-box
 HTTP  7/30/2025 12:32:47 PM ::1 Returned 304 in 0 ms
 HTTP  7/30/2025 12:32:57 PM ::1 HEAD /images/Little%20Ian.jpg
 HTTP  7/30/2025 12:32:57 PM ::1 Returned 304 in 0 ms
 HTTP  7/30/2025 12:32:57 PM ::1 GET /components/full-width-box.html
 HTTP  7/30/2025 12:32:57 PM ::1 Returned 301 in 0 ms
 HTTP  7/30/2025 12:32:57 PM ::1 GET /components/full-width-box
 HTTP  7/30/2025 12:32:57 PM ::1 Returned 304 in 0 ms
 HTTP  7/30/2025 12:32:59 PM ::1 GET /
 HTTP  7/30/2025 12:32:59 PM ::1 Returned 304 in 1 ms
 HTTP  7/30/2025 12:32:59 PM ::1 GET /style.css
 HTTP  7/30/2025 12:32:59 PM ::1 Returned 304 in 1 ms
 HTTP  7/30/2025 12:32:59 PM ::1 GET /components.js
 HTTP  7/30/2025 12:32:59 PM ::1 Returned 304 in 1 ms
 HTTP  7/30/2025 12:32:59 PM ::1 GET /content.yaml
 HTTP  7/30/2025 12:32:59 PM ::1 Returned 304 in 1 ms
 HTTP  7/30/2025 12:32:59 PM ::1 GET /components/header.html
 HTTP  7/30/2025 12:32:59 PM ::1 Returned 301 in 0 ms
 HTTP  7/30/2025 12:32:59 PM ::1 GET /components/footer.html
 HTTP  7/30/2025 12:32:59 PM ::1 Returned 301 in 0 ms
 HTTP  7/30/2025 12:32:59 PM ::1 HEAD /images/TurnedHeadshot.jpg
 HTTP  7/30/2025 12:32:59 PM ::1 Returned 404 in 1 ms
 HTTP  7/30/2025 12:32:59 PM ::1 HEAD /images/TurnedHeadshot.png
 HTTP  7/30/2025 12:32:59 PM ::1 GET /components/header
 HTTP  7/30/2025 12:32:59 PM ::1 Returned 304 in 1 ms
 HTTP  7/30/2025 12:32:59 PM ::1 GET /components/footer
 HTTP  7/30/2025 12:32:59 PM ::1 Returned 304 in 1 ms
 HTTP  7/30/2025 12:32:59 PM ::1 Returned 304 in 0 ms
 HTTP  7/30/2025 12:32:59 PM ::1 GET /components/full-width-box.html
 HTTP  7/30/2025 12:32:59 PM ::1 Returned 301 in 0 ms
 HTTP  7/30/2025 12:32:59 PM ::1 GET /components/full-width-box
 HTTP  7/30/2025 12:32:59 PM ::1 Returned 304 in 0 ms
 HTTP  7/30/2025 12:32:59 PM ::1 GET /images/TurnedHeadshot.png
 HTTP  7/30/2025 12:32:59 PM ::1 GET /components/full-width-box-alt.html
 HTTP  7/30/2025 12:32:59 PM ::1 Returned 301 in 0 ms
 HTTP  7/30/2025 12:32:59 PM ::1 Returned 304 in 1 ms
 HTTP  7/30/2025 12:32:59 PM ::1 GET /components/full-width-box-alt
 HTTP  7/30/2025 12:32:59 PM ::1 Returned 304 in 1 ms
 HTTP  7/30/2025 12:32:59 PM ::1 GET /images/Home.jpg
 HTTP  7/30/2025 12:32:59 PM ::1 Returned 304 in 1 ms
 HTTP  7/30/2025 12:36:31 PM ::1 GET /
 HTTP  7/30/2025 12:36:31 PM ::1 Returned 304 in 0 ms
 HTTP  7/30/2025 12:36:31 PM ::1 GET /style.css
 HTTP  7/30/2025 12:36:31 PM ::1 Returned 200 in 1 ms
 HTTP  7/30/2025 12:36:31 PM ::1 GET /components.js
 HTTP  7/30/2025 12:36:31 PM ::1 Returned 200 in 1 ms
 HTTP  7/30/2025 12:36:31 PM ::1 GET /content.yaml
 HTTP  7/30/2025 12:36:31 PM ::1 Returned 304 in 0 ms
 HTTP  7/30/2025 12:36:31 PM ::1 GET /components/header.html
 HTTP  7/30/2025 12:36:31 PM ::1 Returned 301 in 0 ms
 HTTP  7/30/2025 12:36:31 PM ::1 HEAD /images/TurnedHeadshot.jpg
 HTTP  7/30/2025 12:36:31 PM ::1 GET /components/footer.html
 HTTP  7/30/2025 12:36:31 PM ::1 Returned 301 in 0 ms
 HTTP  7/30/2025 12:36:31 PM ::1 Returned 404 in 2 ms
 HTTP  7/30/2025 12:36:31 PM ::1 HEAD /images/TurnedHeadshot.png
 HTTP  7/30/2025 12:36:31 PM ::1 GET /components/header
 HTTP  7/30/2025 12:36:31 PM ::1 GET /components/footer
 HTTP  7/30/2025 12:36:31 PM ::1 Returned 304 in 1 ms
 HTTP  7/30/2025 12:36:31 PM ::1 Returned 304 in 1 ms
 HTTP  7/30/2025 12:36:31 PM ::1 Returned 304 in 1 ms
 HTTP  7/30/2025 12:36:31 PM ::1 GET /components/full-width-box.html
 HTTP  7/30/2025 12:36:31 PM ::1 Returned 301 in 0 ms
 HTTP  7/30/2025 12:36:31 PM ::1 GET /components/full-width-box
 HTTP  7/30/2025 12:36:31 PM ::1 Returned 304 in 0 ms
 HTTP  7/30/2025 12:36:31 PM ::1 GET /images/TurnedHeadshot.png
 HTTP  7/30/2025 12:36:31 PM ::1 GET /components/full-width-box-alt.html
 HTTP  7/30/2025 12:36:31 PM ::1 Returned 301 in 0 ms
 HTTP  7/30/2025 12:36:31 PM ::1 Returned 304 in 1 ms
 HTTP  7/30/2025 12:36:31 PM ::1 GET /components/full-width-box-alt
 HTTP  7/30/2025 12:36:31 PM ::1 Returned 304 in 0 ms
 HTTP  7/30/2025 12:36:31 PM ::1 GET /images/Home.jpg
 HTTP  7/30/2025 12:36:31 PM ::1 Returned 304 in 1 ms
 HTTP  7/30/2025 12:37:54 PM ::1 HEAD /images/Cocktail.jpg
 HTTP  7/30/2025 12:37:54 PM ::1 Returned 304 in 1 ms
 HTTP  7/30/2025 12:37:54 PM ::1 GET /components/full-width-box.html
 HTTP  7/30/2025 12:37:54 PM ::1 Returned 301 in 0 ms
 HTTP  7/30/2025 12:37:54 PM ::1 GET /components/full-width-box
 HTTP  7/30/2025 12:37:54 PM ::1 Returned 304 in 0 ms
 HTTP  7/30/2025 12:37:54 PM ::1 GET /images/Cocktail.jpg
 HTTP  7/30/2025 12:37:54 PM ::1 Returned 304 in 1 ms
 HTTP  7/30/2025 12:37:54 PM ::1 GET /images/Projects.jpg
 HTTP  7/30/2025 12:37:54 PM ::1 Returned 304 in 0 ms
 HTTP  7/30/2025 12:38:39 PM ::1 GET /
 HTTP  7/30/2025 12:38:39 PM ::1 Returned 304 in 1 ms
 HTTP  7/30/2025 12:38:39 PM ::1 GET /style.css
 HTTP  7/30/2025 12:38:39 PM ::1 Returned 304 in 1 ms
 HTTP  7/30/2025 12:38:39 PM ::1 GET /components.js
 HTTP  7/30/2025 12:38:39 PM ::1 Returned 304 in 1 ms
 HTTP  7/30/2025 12:38:39 PM ::1 GET /content.yaml
 HTTP  7/30/2025 12:38:39 PM ::1 Returned 304 in 1 ms
 HTTP  7/30/2025 12:38:39 PM ::1 GET /components/header.html
 HTTP  7/30/2025 12:38:39 PM ::1 Returned 301 in 0 ms
 HTTP  7/30/2025 12:38:39 PM ::1 GET /components/footer.html
 HTTP  7/30/2025 12:38:39 PM ::1 Returned 301 in 0 ms
 HTTP  7/30/2025 12:38:39 PM ::1 HEAD /images/TurnedHeadshot.jpg
 HTTP  7/30/2025 12:38:39 PM ::1 Returned 404 in 1 ms
 HTTP  7/30/2025 12:38:39 PM ::1 GET /components/header
 HTTP  7/30/2025 12:38:39 PM ::1 GET /components/footer
 HTTP  7/30/2025 12:38:39 PM ::1 Returned 304 in 1 ms
 HTTP  7/30/2025 12:38:39 PM ::1 Returned 304 in 0 ms
 HTTP  7/30/2025 12:38:39 PM ::1 HEAD /images/TurnedHeadshot.png
 HTTP  7/30/2025 12:38:39 PM ::1 Returned 304 in 1 ms
 HTTP  7/30/2025 12:38:39 PM ::1 GET /components/full-width-box.html
 HTTP  7/30/2025 12:38:39 PM ::1 Returned 301 in 0 ms
 HTTP  7/30/2025 12:38:39 PM ::1 GET /components/full-width-box
 HTTP  7/30/2025 12:38:39 PM ::1 Returned 304 in 1 ms
 HTTP  7/30/2025 12:38:39 PM ::1 GET /images/TurnedHeadshot.png
 HTTP  7/30/2025 12:38:39 PM ::1 GET /components/full-width-box-alt.html
 HTTP  7/30/2025 12:38:39 PM ::1 Returned 301 in 0 ms
 HTTP  7/30/2025 12:38:39 PM ::1 Returned 304 in 1 ms
 HTTP  7/30/2025 12:38:39 PM ::1 GET /components/full-width-box-alt
 HTTP  7/30/2025 12:38:39 PM ::1 Returned 304 in 1 ms
 HTTP  7/30/2025 12:38:39 PM ::1 GET /images/Home.jpg
 HTTP  7/30/2025 12:38:39 PM ::1 Returned 304 in 1 ms
 HTTP  7/30/2025 12:39:43 PM ::1 HEAD /images/Cocktail.jpg
 HTTP  7/30/2025 12:39:43 PM ::1 Returned 304 in 1 ms
 HTTP  7/30/2025 12:39:43 PM ::1 GET /components/full-width-box.html
 HTTP  7/30/2025 12:39:43 PM ::1 Returned 301 in 0 ms
 HTTP  7/30/2025 12:39:43 PM ::1 GET /components/full-width-box
 HTTP  7/30/2025 12:39:43 PM ::1 Returned 304 in 1 ms
 HTTP  7/30/2025 12:39:43 PM ::1 GET /images/Cocktail.jpg
 HTTP  7/30/2025 12:39:43 PM ::1 Returned 304 in 0 ms
 HTTP  7/30/2025 12:39:44 PM ::1 GET /images/Projects.jpg
 HTTP  7/30/2025 12:39:44 PM ::1 Returned 304 in 1 ms
 HTTP  7/30/2025 12:39:44 PM ::1 GET /components/full-width-box.html
 HTTP  7/30/2025 12:39:44 PM ::1 Returned 301 in 1 ms
 HTTP  7/30/2025 12:39:44 PM ::1 GET /components/full-width-box
 HTTP  7/30/2025 12:39:44 PM ::1 Returned 304 in 1 ms
 HTTP  7/30/2025 12:39:44 PM ::1 HEAD /images/DoubtCover.jpg
 HTTP  7/30/2025 12:39:44 PM ::1 Returned 304 in 1 ms
 HTTP  7/30/2025 12:39:44 PM ::1 GET /components/full-width-box-alt.html
 HTTP  7/30/2025 12:39:44 PM ::1 Returned 301 in 0 ms
 HTTP  7/30/2025 12:39:44 PM ::1 GET /components/full-width-box-alt
 HTTP  7/30/2025 12:39:44 PM ::1 Returned 304 in 0 ms
 HTTP  7/30/2025 12:39:44 PM ::1 GET /images/DoubtCover.jpg
 HTTP  7/30/2025 12:39:44 PM ::1 HEAD /images/HobbiesCover.jpg
 HTTP  7/30/2025 12:39:44 PM ::1 Returned 304 in 1 ms
 HTTP  7/30/2025 12:39:44 PM ::1 Returned 404 in 0 ms
 HTTP  7/30/2025 12:39:44 PM ::1 HEAD /images/HobbiesCover.png
 HTTP  7/30/2025 12:39:44 PM ::1 Returned 304 in 0 ms
 HTTP  7/30/2025 12:39:44 PM ::1 GET /components/full-width-box.html
 HTTP  7/30/2025 12:39:44 PM ::1 Returned 301 in 0 ms
 HTTP  7/30/2025 12:39:44 PM ::1 GET /components/full-width-box
 HTTP  7/30/2025 12:39:44 PM ::1 Returned 304 in 1 ms
 HTTP  7/30/2025 12:39:44 PM ::1 GET /images/HobbiesCover.png
 HTTP  7/30/2025 12:39:44 PM ::1 HEAD /images/PortoSunset.jpg
 HTTP  7/30/2025 12:39:44 PM ::1 Returned 304 in 1 ms
 HTTP  7/30/2025 12:39:44 PM ::1 Returned 304 in 0 ms
 HTTP  7/30/2025 12:39:44 PM ::1 GET /components/full-width-box-alt.html
 HTTP  7/30/2025 12:39:44 PM ::1 Returned 301 in 0 ms
 HTTP  7/30/2025 12:39:44 PM ::1 GET /components/full-width-box-alt
 HTTP  7/30/2025 12:39:44 PM ::1 Returned 304 in 0 ms
 HTTP  7/30/2025 12:39:44 PM ::1 GET /images/PortoSunset.jpg
 HTTP  7/30/2025 12:39:44 PM ::1 Returned 304 in 1 ms
 HTTP  7/30/2025 12:39:44 PM ::1 GET /images/Music.jpg
 HTTP  7/30/2025 12:39:44 PM ::1 Returned 304 in 0 ms
